{"C:\\AI_AS\\university-ai-assistant\\backend\\src\\app.js": {"path":"C:\\AI_AS\\university-ai-assistant\\backend\\src\\app.js","statementMap":{"0":{"start":{"line":3,"column":16},"end":{"line":3,"column":34}},"1":{"start":{"line":4,"column":13},"end":{"line":4,"column":28}},"2":{"start":{"line":5,"column":15},"end":{"line":5,"column":32}},"3":{"start":{"line":6,"column":15},"end":{"line":6,"column":32}},"4":{"start":{"line":7,"column":20},"end":{"line":7,"column":42}},"5":{"start":{"line":8,"column":18},"end":{"line":8,"column":47}},"6":{"start":{"line":9,"column":0},"end":{"line":9,"column":27}},"7":{"start":{"line":11,"column":15},"end":{"line":11,"column":38}},"8":{"start":{"line":12,"column":19},"end":{"line":12,"column":43}},"9":{"start":{"line":13,"column":21},"end":{"line":13,"column":57}},"10":{"start":{"line":14,"column":15},"end":{"line":14,"column":40}},"11":{"start":{"line":15,"column":26},"end":{"line":15,"column":58}},"12":{"start":{"line":17,"column":12},"end":{"line":17,"column":21}},"13":{"start":{"line":18,"column":19},"end":{"line":18,"column":43}},"14":{"start":{"line":19,"column":18},"end":{"line":19,"column":41}},"15":{"start":{"line":20,"column":18},"end":{"line":20,"column":41}},"16":{"start":{"line":21,"column":22},"end":{"line":21,"column":50}},"17":{"start":{"line":22,"column":19},"end":{"line":22,"column":46}},"18":{"start":{"line":23,"column":20},"end":{"line":23,"column":45}},"19":{"start":{"line":24,"column":27},"end":{"line":24,"column":59}},"20":{"start":{"line":25,"column":24},"end":{"line":25,"column":53}},"21":{"start":{"line":26,"column":27},"end":{"line":26,"column":60}},"22":{"start":{"line":27,"column":19},"end":{"line":27,"column":49}},"23":{"start":{"line":28,"column":24},"end":{"line":28,"column":53}},"24":{"start":{"line":33,"column":0},"end":{"line":55,"column":4}},"25":{"start":{"line":60,"column":23},"end":{"line":62,"column":54}},"26":{"start":{"line":64,"column":0},"end":{"line":79,"column":4}},"27":{"start":{"line":67,"column":4},"end":{"line":67,"column":45}},"28":{"start":{"line":67,"column":17},"end":{"line":67,"column":45}},"29":{"start":{"line":68,"column":4},"end":{"line":72,"column":5}},"30":{"start":{"line":69,"column":6},"end":{"line":69,"column":27}},"31":{"start":{"line":71,"column":6},"end":{"line":71,"column":63}},"32":{"start":{"line":85,"column":22},"end":{"line":94,"column":2}},"33":{"start":{"line":97,"column":22},"end":{"line":104,"column":2}},"34":{"start":{"line":107,"column":18},"end":{"line":114,"column":2}},"35":{"start":{"line":117,"column":0},"end":{"line":117,"column":31}},"36":{"start":{"line":118,"column":0},"end":{"line":118,"column":41}},"37":{"start":{"line":119,"column":0},"end":{"line":119,"column":41}},"38":{"start":{"line":120,"column":0},"end":{"line":120,"column":53}},"39":{"start":{"line":121,"column":0},"end":{"line":121,"column":44}},"40":{"start":{"line":122,"column":0},"end":{"line":122,"column":35}},"41":{"start":{"line":127,"column":0},"end":{"line":127,"column":41}},"42":{"start":{"line":128,"column":0},"end":{"line":128,"column":63}},"43":{"start":{"line":133,"column":0},"end":{"line":133,"column":23}},"44":{"start":{"line":138,"column":0},"end":{"line":147,"column":4}},"45":{"start":{"line":142,"column":4},"end":{"line":144,"column":5}},"46":{"start":{"line":143,"column":6},"end":{"line":143,"column":19}},"47":{"start":{"line":145,"column":4},"end":{"line":145,"column":40}},"48":{"start":{"line":152,"column":0},"end":{"line":156,"column":1}},"49":{"start":{"line":153,"column":2},"end":{"line":153,"column":25}},"50":{"start":{"line":155,"column":2},"end":{"line":155,"column":30}},"51":{"start":{"line":159,"column":0},"end":{"line":159,"column":30}},"52":{"start":{"line":164,"column":0},"end":{"line":164,"column":33}},"53":{"start":{"line":165,"column":0},"end":{"line":165,"column":33}},"54":{"start":{"line":166,"column":0},"end":{"line":166,"column":31}},"55":{"start":{"line":167,"column":0},"end":{"line":167,"column":31}},"56":{"start":{"line":168,"column":0},"end":{"line":168,"column":40}},"57":{"start":{"line":169,"column":0},"end":{"line":169,"column":36}},"58":{"start":{"line":170,"column":0},"end":{"line":170,"column":35}},"59":{"start":{"line":171,"column":0},"end":{"line":171,"column":50}},"60":{"start":{"line":172,"column":0},"end":{"line":172,"column":43}},"61":{"start":{"line":173,"column":0},"end":{"line":173,"column":50}},"62":{"start":{"line":174,"column":0},"end":{"line":174,"column":34}},"63":{"start":{"line":175,"column":0},"end":{"line":175,"column":43}},"64":{"start":{"line":180,"column":0},"end":{"line":199,"column":3}},"65":{"start":{"line":181,"column":2},"end":{"line":198,"column":3}},"66":{"start":{"line":182,"column":4},"end":{"line":182,"column":37}},"67":{"start":{"line":183,"column":4},"end":{"line":189,"column":7}},"68":{"start":{"line":191,"column":4},"end":{"line":191,"column":48}},"69":{"start":{"line":192,"column":4},"end":{"line":197,"column":7}},"70":{"start":{"line":204,"column":0},"end":{"line":211,"column":3}},"71":{"start":{"line":205,"column":2},"end":{"line":205,"column":59}},"72":{"start":{"line":206,"column":2},"end":{"line":210,"column":5}},"73":{"start":{"line":216,"column":0},"end":{"line":216,"column":22}},"74":{"start":{"line":221,"column":13},"end":{"line":221,"column":37}},"75":{"start":{"line":223,"column":20},"end":{"line":237,"column":1}},"76":{"start":{"line":224,"column":2},"end":{"line":236,"column":3}},"77":{"start":{"line":225,"column":4},"end":{"line":225,"column":28}},"78":{"start":{"line":226,"column":4},"end":{"line":226,"column":53}},"79":{"start":{"line":228,"column":4},"end":{"line":232,"column":7}},"80":{"start":{"line":229,"column":6},"end":{"line":229,"column":67}},"81":{"start":{"line":230,"column":6},"end":{"line":230,"column":61}},"82":{"start":{"line":231,"column":6},"end":{"line":231,"column":71}},"83":{"start":{"line":234,"column":4},"end":{"line":234,"column":53}},"84":{"start":{"line":235,"column":4},"end":{"line":235,"column":20}},"85":{"start":{"line":242,"column":0},"end":{"line":247,"column":3}},"86":{"start":{"line":243,"column":2},"end":{"line":243,"column":48}},"87":{"start":{"line":244,"column":2},"end":{"line":244,"column":29}},"88":{"start":{"line":245,"column":2},"end":{"line":245,"column":41}},"89":{"start":{"line":246,"column":2},"end":{"line":246,"column":18}},"90":{"start":{"line":249,"column":0},"end":{"line":254,"column":3}},"91":{"start":{"line":250,"column":2},"end":{"line":250,"column":48}},"92":{"start":{"line":251,"column":2},"end":{"line":251,"column":29}},"93":{"start":{"line":252,"column":2},"end":{"line":252,"column":41}},"94":{"start":{"line":253,"column":2},"end":{"line":253,"column":18}},"95":{"start":{"line":259,"column":0},"end":{"line":265,"column":3}},"96":{"start":{"line":260,"column":2},"end":{"line":260,"column":45}},"97":{"start":{"line":262,"column":2},"end":{"line":264,"column":3}},"98":{"start":{"line":263,"column":4},"end":{"line":263,"column":20}},"99":{"start":{"line":267,"column":0},"end":{"line":269,"column":3}},"100":{"start":{"line":268,"column":2},"end":{"line":268,"column":70}},"101":{"start":{"line":271,"column":0},"end":{"line":271,"column":14}},"102":{"start":{"line":273,"column":0},"end":{"line":273,"column":21}}},"fnMap":{"0":{"name":"(anonymous_0)","decl":{"start":{"line":65,"column":10},"end":{"line":65,"column":11}},"loc":{"start":{"line":65,"column":32},"end":{"line":73,"column":3}},"line":65},"1":{"name":"(anonymous_1)","decl":{"start":{"line":141,"column":10},"end":{"line":141,"column":11}},"loc":{"start":{"line":141,"column":24},"end":{"line":146,"column":3}},"line":141},"2":{"name":"(anonymous_2)","decl":{"start":{"line":180,"column":19},"end":{"line":180,"column":20}},"loc":{"start":{"line":180,"column":39},"end":{"line":199,"column":1}},"line":180},"3":{"name":"(anonymous_3)","decl":{"start":{"line":204,"column":8},"end":{"line":204,"column":9}},"loc":{"start":{"line":204,"column":22},"end":{"line":211,"column":1}},"line":204},"4":{"name":"(anonymous_4)","decl":{"start":{"line":223,"column":20},"end":{"line":223,"column":21}},"loc":{"start":{"line":223,"column":32},"end":{"line":237,"column":1}},"line":223},"5":{"name":"(anonymous_5)","decl":{"start":{"line":228,"column":21},"end":{"line":228,"column":22}},"loc":{"start":{"line":228,"column":27},"end":{"line":232,"column":5}},"line":228},"6":{"name":"(anonymous_6)","decl":{"start":{"line":242,"column":21},"end":{"line":242,"column":22}},"loc":{"start":{"line":242,"column":33},"end":{"line":247,"column":1}},"line":242},"7":{"name":"(anonymous_7)","decl":{"start":{"line":249,"column":22},"end":{"line":249,"column":23}},"loc":{"start":{"line":249,"column":34},"end":{"line":254,"column":1}},"line":249},"8":{"name":"(anonymous_8)","decl":{"start":{"line":259,"column":32},"end":{"line":259,"column":33}},"loc":{"start":{"line":259,"column":43},"end":{"line":265,"column":1}},"line":259},"9":{"name":"(anonymous_9)","decl":{"start":{"line":267,"column":33},"end":{"line":267,"column":34}},"loc":{"start":{"line":267,"column":54},"end":{"line":269,"column":1}},"line":267}},"branchMap":{"0":{"loc":{"start":{"line":60,"column":23},"end":{"line":62,"column":54}},"type":"cond-expr","locations":[{"start":{"line":61,"column":4},"end":{"line":61,"column":39}},{"start":{"line":62,"column":4},"end":{"line":62,"column":54}}],"line":60},"1":{"loc":{"start":{"line":67,"column":4},"end":{"line":67,"column":45}},"type":"if","locations":[{"start":{"line":67,"column":4},"end":{"line":67,"column":45}},{"start":{},"end":{}}],"line":67},"2":{"loc":{"start":{"line":68,"column":4},"end":{"line":72,"column":5}},"type":"if","locations":[{"start":{"line":68,"column":4},"end":{"line":72,"column":5}},{"start":{"line":70,"column":11},"end":{"line":72,"column":5}}],"line":68},"3":{"loc":{"start":{"line":68,"column":8},"end":{"line":68,"column":81}},"type":"binary-expr","locations":[{"start":{"line":68,"column":8},"end":{"line":68,"column":39}},{"start":{"line":68,"column":43},"end":{"line":68,"column":81}}],"line":68},"4":{"loc":{"start":{"line":142,"column":4},"end":{"line":144,"column":5}},"type":"if","locations":[{"start":{"line":142,"column":4},"end":{"line":144,"column":5}},{"start":{},"end":{}}],"line":142},"5":{"loc":{"start":{"line":152,"column":0},"end":{"line":156,"column":1}},"type":"if","locations":[{"start":{"line":152,"column":0},"end":{"line":156,"column":1}},{"start":{"line":154,"column":7},"end":{"line":156,"column":1}}],"line":152},"6":{"loc":{"start":{"line":221,"column":13},"end":{"line":221,"column":37}},"type":"binary-expr","locations":[{"start":{"line":221,"column":13},"end":{"line":221,"column":29}},{"start":{"line":221,"column":33},"end":{"line":221,"column":37}}],"line":221},"7":{"loc":{"start":{"line":262,"column":2},"end":{"line":264,"column":3}},"type":"if","locations":[{"start":{"line":262,"column":2},"end":{"line":264,"column":3}},{"start":{},"end":{}}],"line":262}},"s":{"0":0,"1":0,"2":0,"3":0,"4":0,"5":0,"6":0,"7":0,"8":0,"9":0,"10":0,"11":0,"12":0,"13":0,"14":0,"15":0,"16":0,"17":0,"18":0,"19":0,"20":0,"21":0,"22":0,"23":0,"24":0,"25":0,"26":0,"27":0,"28":0,"29":0,"30":0,"31":0,"32":0,"33":0,"34":0,"35":0,"36":0,"37":0,"38":0,"39":0,"40":0,"41":0,"42":0,"43":0,"44":0,"45":0,"46":0,"47":0,"48":0,"49":0,"50":0,"51":0,"52":0,"53":0,"54":0,"55":0,"56":0,"57":0,"58":0,"59":0,"60":0,"61":0,"62":0,"63":0,"64":0,"65":0,"66":0,"67":0,"68":0,"69":0,"70":0,"71":0,"72":0,"73":0,"74":0,"75":0,"76":0,"77":0,"78":0,"79":0,"80":0,"81":0,"82":0,"83":0,"84":0,"85":0,"86":0,"87":0,"88":0,"89":0,"90":0,"91":0,"92":0,"93":0,"94":0,"95":0,"96":0,"97":0,"98":0,"99":0,"100":0,"101":0,"102":0},"f":{"0":0,"1":0,"2":0,"3":0,"4":0,"5":0,"6":0,"7":0,"8":0,"9":0},"b":{"0":[0,0],"1":[0,0],"2":[0,0],"3":[0,0],"4":[0,0],"5":[0,0],"6":[0,0],"7":[0,0]}}
,"C:\\AI_AS\\university-ai-assistant\\backend\\src\\controllers\\adminController.js": {"path":"C:\\AI_AS\\university-ai-assistant\\backend\\src\\controllers\\adminController.js","statementMap":{"0":{"start":{"line":3,"column":21},"end":{"line":3,"column":56}},"1":{"start":{"line":4,"column":29},"end":{"line":4,"column":57}},"2":{"start":{"line":7,"column":0},"end":{"line":22,"column":2}},"3":{"start":{"line":8,"column":2},"end":{"line":21,"column":3}},"4":{"start":{"line":9,"column":18},"end":{"line":9,"column":47}},"5":{"start":{"line":10,"column":4},"end":{"line":13,"column":7}},"6":{"start":{"line":15,"column":4},"end":{"line":15,"column":45}},"7":{"start":{"line":16,"column":4},"end":{"line":20,"column":7}},"8":{"start":{"line":25,"column":0},"end":{"line":45,"column":2}},"9":{"start":{"line":26,"column":2},"end":{"line":44,"column":3}},"10":{"start":{"line":27,"column":50},"end":{"line":27,"column":59}},"11":{"start":{"line":28,"column":19},"end":{"line":32,"column":5}},"12":{"start":{"line":33,"column":4},"end":{"line":36,"column":7}},"13":{"start":{"line":38,"column":4},"end":{"line":38,"column":45}},"14":{"start":{"line":39,"column":4},"end":{"line":43,"column":7}},"15":{"start":{"line":48,"column":0},"end":{"line":163,"column":2}},"16":{"start":{"line":49,"column":2},"end":{"line":162,"column":3}},"17":{"start":{"line":50,"column":4},"end":{"line":50,"column":57}},"18":{"start":{"line":53,"column":19},"end":{"line":53,"column":40}},"19":{"start":{"line":54,"column":4},"end":{"line":61,"column":5}},"20":{"start":{"line":55,"column":6},"end":{"line":55,"column":58}},"21":{"start":{"line":56,"column":6},"end":{"line":60,"column":9}},"22":{"start":{"line":63,"column":61},"end":{"line":63,"column":69}},"23":{"start":{"line":66,"column":4},"end":{"line":71,"column":5}},"24":{"start":{"line":67,"column":6},"end":{"line":70,"column":9}},"25":{"start":{"line":73,"column":4},"end":{"line":78,"column":5}},"26":{"start":{"line":74,"column":6},"end":{"line":77,"column":9}},"27":{"start":{"line":81,"column":23},"end":{"line":81,"column":51}},"28":{"start":{"line":82,"column":4},"end":{"line":87,"column":5}},"29":{"start":{"line":83,"column":6},"end":{"line":86,"column":9}},"30":{"start":{"line":90,"column":23},"end":{"line":90,"column":55}},"31":{"start":{"line":91,"column":22},"end":{"line":91,"column":39}},"32":{"start":{"line":92,"column":4},"end":{"line":97,"column":5}},"33":{"start":{"line":93,"column":6},"end":{"line":96,"column":9}},"34":{"start":{"line":100,"column":4},"end":{"line":100,"column":39}},"35":{"start":{"line":101,"column":17},"end":{"line":107,"column":6}},"36":{"start":{"line":109,"column":4},"end":{"line":109,"column":57}},"37":{"start":{"line":111,"column":4},"end":{"line":115,"column":7}},"38":{"start":{"line":118,"column":4},"end":{"line":118,"column":49}},"39":{"start":{"line":119,"column":4},"end":{"line":119,"column":49}},"40":{"start":{"line":122,"column":4},"end":{"line":127,"column":5}},"41":{"start":{"line":123,"column":6},"end":{"line":126,"column":9}},"42":{"start":{"line":129,"column":4},"end":{"line":134,"column":5}},"43":{"start":{"line":130,"column":6},"end":{"line":133,"column":9}},"44":{"start":{"line":137,"column":4},"end":{"line":155,"column":5}},"45":{"start":{"line":138,"column":21},"end":{"line":138,"column":39}},"46":{"start":{"line":139,"column":6},"end":{"line":144,"column":7}},"47":{"start":{"line":140,"column":8},"end":{"line":143,"column":11}},"48":{"start":{"line":145,"column":6},"end":{"line":150,"column":7}},"49":{"start":{"line":146,"column":8},"end":{"line":149,"column":11}},"50":{"start":{"line":151,"column":6},"end":{"line":154,"column":9}},"51":{"start":{"line":157,"column":4},"end":{"line":161,"column":7}},"52":{"start":{"line":166,"column":0},"end":{"line":191,"column":2}},"53":{"start":{"line":167,"column":2},"end":{"line":190,"column":3}},"54":{"start":{"line":168,"column":23},"end":{"line":168,"column":33}},"55":{"start":{"line":169,"column":21},"end":{"line":169,"column":29}},"56":{"start":{"line":171,"column":4},"end":{"line":176,"column":5}},"57":{"start":{"line":172,"column":6},"end":{"line":175,"column":9}},"58":{"start":{"line":178,"column":17},"end":{"line":178,"column":64}},"59":{"start":{"line":179,"column":4},"end":{"line":182,"column":7}},"60":{"start":{"line":184,"column":4},"end":{"line":184,"column":52}},"61":{"start":{"line":185,"column":4},"end":{"line":189,"column":7}},"62":{"start":{"line":194,"column":0},"end":{"line":219,"column":2}},"63":{"start":{"line":195,"column":2},"end":{"line":218,"column":3}},"64":{"start":{"line":196,"column":23},"end":{"line":196,"column":33}},"65":{"start":{"line":199,"column":4},"end":{"line":204,"column":5}},"66":{"start":{"line":200,"column":6},"end":{"line":203,"column":9}},"67":{"start":{"line":206,"column":4},"end":{"line":206,"column":42}},"68":{"start":{"line":207,"column":4},"end":{"line":210,"column":7}},"69":{"start":{"line":212,"column":4},"end":{"line":212,"column":47}},"70":{"start":{"line":213,"column":4},"end":{"line":217,"column":7}},"71":{"start":{"line":222,"column":0},"end":{"line":238,"column":2}},"72":{"start":{"line":223,"column":2},"end":{"line":237,"column":3}},"73":{"start":{"line":224,"column":25},"end":{"line":224,"column":34}},"74":{"start":{"line":225,"column":18},"end":{"line":225,"column":66}},"75":{"start":{"line":226,"column":4},"end":{"line":229,"column":7}},"76":{"start":{"line":231,"column":4},"end":{"line":231,"column":51}},"77":{"start":{"line":232,"column":4},"end":{"line":236,"column":7}}},"fnMap":{"0":{"name":"(anonymous_0)","decl":{"start":{"line":7,"column":19},"end":{"line":7,"column":20}},"loc":{"start":{"line":7,"column":39},"end":{"line":22,"column":1}},"line":7},"1":{"name":"(anonymous_1)","decl":{"start":{"line":25,"column":19},"end":{"line":25,"column":20}},"loc":{"start":{"line":25,"column":39},"end":{"line":45,"column":1}},"line":25},"2":{"name":"(anonymous_2)","decl":{"start":{"line":48,"column":21},"end":{"line":48,"column":22}},"loc":{"start":{"line":48,"column":41},"end":{"line":163,"column":1}},"line":48},"3":{"name":"(anonymous_3)","decl":{"start":{"line":166,"column":25},"end":{"line":166,"column":26}},"loc":{"start":{"line":166,"column":45},"end":{"line":191,"column":1}},"line":166},"4":{"name":"(anonymous_4)","decl":{"start":{"line":194,"column":21},"end":{"line":194,"column":22}},"loc":{"start":{"line":194,"column":41},"end":{"line":219,"column":1}},"line":194},"5":{"name":"(anonymous_5)","decl":{"start":{"line":222,"column":24},"end":{"line":222,"column":25}},"loc":{"start":{"line":222,"column":44},"end":{"line":238,"column":1}},"line":222}},"branchMap":{"0":{"loc":{"start":{"line":27,"column":12},"end":{"line":27,"column":20}},"type":"default-arg","locations":[{"start":{"line":27,"column":19},"end":{"line":27,"column":20}}],"line":27},"1":{"loc":{"start":{"line":27,"column":22},"end":{"line":27,"column":32}},"type":"default-arg","locations":[{"start":{"line":27,"column":30},"end":{"line":27,"column":32}}],"line":27},"2":{"loc":{"start":{"line":27,"column":34},"end":{"line":27,"column":45}},"type":"default-arg","locations":[{"start":{"line":27,"column":43},"end":{"line":27,"column":45}}],"line":27},"3":{"loc":{"start":{"line":54,"column":4},"end":{"line":61,"column":5}},"type":"if","locations":[{"start":{"line":54,"column":4},"end":{"line":61,"column":5}},{"start":{},"end":{}}],"line":54},"4":{"loc":{"start":{"line":66,"column":4},"end":{"line":71,"column":5}},"type":"if","locations":[{"start":{"line":66,"column":4},"end":{"line":71,"column":5}},{"start":{},"end":{}}],"line":66},"5":{"loc":{"start":{"line":66,"column":8},"end":{"line":66,"column":41}},"type":"binary-expr","locations":[{"start":{"line":66,"column":8},"end":{"line":66,"column":18}},{"start":{"line":66,"column":22},"end":{"line":66,"column":28}},{"start":{"line":66,"column":32},"end":{"line":66,"column":41}}],"line":66},"6":{"loc":{"start":{"line":73,"column":4},"end":{"line":78,"column":5}},"type":"if","locations":[{"start":{"line":73,"column":4},"end":{"line":78,"column":5}},{"start":{},"end":{}}],"line":73},"7":{"loc":{"start":{"line":82,"column":4},"end":{"line":87,"column":5}},"type":"if","locations":[{"start":{"line":82,"column":4},"end":{"line":87,"column":5}},{"start":{},"end":{}}],"line":82},"8":{"loc":{"start":{"line":91,"column":22},"end":{"line":91,"column":39}},"type":"binary-expr","locations":[{"start":{"line":91,"column":22},"end":{"line":91,"column":26}},{"start":{"line":91,"column":30},"end":{"line":91,"column":39}}],"line":91},"9":{"loc":{"start":{"line":92,"column":4},"end":{"line":97,"column":5}},"type":"if","locations":[{"start":{"line":92,"column":4},"end":{"line":97,"column":5}},{"start":{},"end":{}}],"line":92},"10":{"loc":{"start":{"line":106,"column":18},"end":{"line":106,"column":36}},"type":"binary-expr","locations":[{"start":{"line":106,"column":18},"end":{"line":106,"column":28}},{"start":{"line":106,"column":32},"end":{"line":106,"column":36}}],"line":106},"11":{"loc":{"start":{"line":122,"column":4},"end":{"line":127,"column":5}},"type":"if","locations":[{"start":{"line":122,"column":4},"end":{"line":127,"column":5}},{"start":{},"end":{}}],"line":122},"12":{"loc":{"start":{"line":129,"column":4},"end":{"line":134,"column":5}},"type":"if","locations":[{"start":{"line":129,"column":4},"end":{"line":134,"column":5}},{"start":{},"end":{}}],"line":129},"13":{"loc":{"start":{"line":137,"column":4},"end":{"line":155,"column":5}},"type":"if","locations":[{"start":{"line":137,"column":4},"end":{"line":155,"column":5}},{"start":{},"end":{}}],"line":137},"14":{"loc":{"start":{"line":139,"column":6},"end":{"line":144,"column":7}},"type":"if","locations":[{"start":{"line":139,"column":6},"end":{"line":144,"column":7}},{"start":{},"end":{}}],"line":139},"15":{"loc":{"start":{"line":139,"column":10},"end":{"line":139,"column":44}},"type":"binary-expr","locations":[{"start":{"line":139,"column":10},"end":{"line":139,"column":16}},{"start":{"line":139,"column":20},"end":{"line":139,"column":44}}],"line":139},"16":{"loc":{"start":{"line":145,"column":6},"end":{"line":150,"column":7}},"type":"if","locations":[{"start":{"line":145,"column":6},"end":{"line":150,"column":7}},{"start":{},"end":{}}],"line":145},"17":{"loc":{"start":{"line":145,"column":10},"end":{"line":145,"column":49}},"type":"binary-expr","locations":[{"start":{"line":145,"column":10},"end":{"line":145,"column":16}},{"start":{"line":145,"column":20},"end":{"line":145,"column":49}}],"line":145},"18":{"loc":{"start":{"line":160,"column":13},"end":{"line":160,"column":79}},"type":"cond-expr","locations":[{"start":{"line":160,"column":54},"end":{"line":160,"column":67}},{"start":{"line":160,"column":70},"end":{"line":160,"column":79}}],"line":160},"19":{"loc":{"start":{"line":171,"column":4},"end":{"line":176,"column":5}},"type":"if","locations":[{"start":{"line":171,"column":4},"end":{"line":176,"column":5}},{"start":{},"end":{}}],"line":171},"20":{"loc":{"start":{"line":199,"column":4},"end":{"line":204,"column":5}},"type":"if","locations":[{"start":{"line":199,"column":4},"end":{"line":204,"column":5}},{"start":{},"end":{}}],"line":199},"21":{"loc":{"start":{"line":224,"column":12},"end":{"line":224,"column":20}},"type":"default-arg","locations":[{"start":{"line":224,"column":19},"end":{"line":224,"column":20}}],"line":224}},"s":{"0":0,"1":0,"2":0,"3":0,"4":0,"5":0,"6":0,"7":0,"8":0,"9":0,"10":0,"11":0,"12":0,"13":0,"14":0,"15":0,"16":0,"17":0,"18":0,"19":0,"20":0,"21":0,"22":0,"23":0,"24":0,"25":0,"26":0,"27":0,"28":0,"29":0,"30":0,"31":0,"32":0,"33":0,"34":0,"35":0,"36":0,"37":0,"38":0,"39":0,"40":0,"41":0,"42":0,"43":0,"44":0,"45":0,"46":0,"47":0,"48":0,"49":0,"50":0,"51":0,"52":0,"53":0,"54":0,"55":0,"56":0,"57":0,"58":0,"59":0,"60":0,"61":0,"62":0,"63":0,"64":0,"65":0,"66":0,"67":0,"68":0,"69":0,"70":0,"71":0,"72":0,"73":0,"74":0,"75":0,"76":0,"77":0},"f":{"0":0,"1":0,"2":0,"3":0,"4":0,"5":0},"b":{"0":[0],"1":[0],"2":[0],"3":[0,0],"4":[0,0],"5":[0,0,0],"6":[0,0],"7":[0,0],"8":[0,0],"9":[0,0],"10":[0,0],"11":[0,0],"12":[0,0],"13":[0,0],"14":[0,0],"15":[0,0],"16":[0,0],"17":[0,0],"18":[0,0],"19":[0,0],"20":[0,0],"21":[0]}}
,"C:\\AI_AS\\university-ai-assistant\\backend\\src\\controllers\\analyticsController.js": {"path":"C:\\AI_AS\\university-ai-assistant\\backend\\src\\controllers\\analyticsController.js","statementMap":{"0":{"start":{"line":3,"column":25},"end":{"line":3,"column":64}},"1":{"start":{"line":8,"column":0},"end":{"line":25,"column":2}},"2":{"start":{"line":9,"column":2},"end":{"line":24,"column":3}},"3":{"start":{"line":10,"column":19},"end":{"line":10,"column":29}},"4":{"start":{"line":11,"column":18},"end":{"line":11,"column":61}},"5":{"start":{"line":13,"column":4},"end":{"line":16,"column":7}},"6":{"start":{"line":18,"column":4},"end":{"line":18,"column":45}},"7":{"start":{"line":19,"column":4},"end":{"line":23,"column":7}},"8":{"start":{"line":30,"column":0},"end":{"line":47,"column":2}},"9":{"start":{"line":31,"column":2},"end":{"line":46,"column":3}},"10":{"start":{"line":32,"column":19},"end":{"line":32,"column":29}},"11":{"start":{"line":33,"column":18},"end":{"line":33,"column":64}},"12":{"start":{"line":35,"column":4},"end":{"line":38,"column":7}},"13":{"start":{"line":40,"column":4},"end":{"line":40,"column":53}},"14":{"start":{"line":41,"column":4},"end":{"line":45,"column":7}},"15":{"start":{"line":52,"column":0},"end":{"line":70,"column":2}},"16":{"start":{"line":53,"column":2},"end":{"line":69,"column":3}},"17":{"start":{"line":54,"column":19},"end":{"line":54,"column":29}},"18":{"start":{"line":55,"column":27},"end":{"line":55,"column":36}},"19":{"start":{"line":56,"column":20},"end":{"line":56,"column":82}},"20":{"start":{"line":58,"column":4},"end":{"line":61,"column":7}},"21":{"start":{"line":63,"column":4},"end":{"line":63,"column":52}},"22":{"start":{"line":64,"column":4},"end":{"line":68,"column":7}},"23":{"start":{"line":75,"column":0},"end":{"line":92,"column":2}},"24":{"start":{"line":76,"column":2},"end":{"line":91,"column":3}},"25":{"start":{"line":77,"column":19},"end":{"line":77,"column":29}},"26":{"start":{"line":78,"column":19},"end":{"line":78,"column":75}},"27":{"start":{"line":80,"column":4},"end":{"line":83,"column":7}},"28":{"start":{"line":85,"column":4},"end":{"line":85,"column":60}},"29":{"start":{"line":86,"column":4},"end":{"line":90,"column":7}},"30":{"start":{"line":97,"column":0},"end":{"line":115,"column":2}},"31":{"start":{"line":98,"column":2},"end":{"line":114,"column":3}},"32":{"start":{"line":99,"column":19},"end":{"line":99,"column":29}},"33":{"start":{"line":100,"column":26},"end":{"line":100,"column":35}},"34":{"start":{"line":101,"column":21},"end":{"line":101,"column":84}},"35":{"start":{"line":103,"column":4},"end":{"line":106,"column":7}},"36":{"start":{"line":108,"column":4},"end":{"line":108,"column":54}},"37":{"start":{"line":109,"column":4},"end":{"line":113,"column":7}},"38":{"start":{"line":120,"column":0},"end":{"line":137,"column":2}},"39":{"start":{"line":121,"column":2},"end":{"line":136,"column":3}},"40":{"start":{"line":122,"column":19},"end":{"line":122,"column":29}},"41":{"start":{"line":123,"column":28},"end":{"line":123,"column":77}},"42":{"start":{"line":125,"column":4},"end":{"line":128,"column":7}},"43":{"start":{"line":130,"column":4},"end":{"line":130,"column":55}},"44":{"start":{"line":131,"column":4},"end":{"line":135,"column":7}},"45":{"start":{"line":142,"column":0},"end":{"line":170,"column":2}},"46":{"start":{"line":143,"column":2},"end":{"line":169,"column":3}},"47":{"start":{"line":144,"column":19},"end":{"line":144,"column":29}},"48":{"start":{"line":146,"column":61},"end":{"line":151,"column":6}},"49":{"start":{"line":153,"column":4},"end":{"line":161,"column":7}},"50":{"start":{"line":163,"column":4},"end":{"line":163,"column":58}},"51":{"start":{"line":164,"column":4},"end":{"line":168,"column":7}}},"fnMap":{"0":{"name":"(anonymous_0)","decl":{"start":{"line":8,"column":19},"end":{"line":8,"column":20}},"loc":{"start":{"line":8,"column":39},"end":{"line":25,"column":1}},"line":8},"1":{"name":"(anonymous_1)","decl":{"start":{"line":30,"column":26},"end":{"line":30,"column":27}},"loc":{"start":{"line":30,"column":46},"end":{"line":47,"column":1}},"line":30},"2":{"name":"(anonymous_2)","decl":{"start":{"line":52,"column":25},"end":{"line":52,"column":26}},"loc":{"start":{"line":52,"column":45},"end":{"line":70,"column":1}},"line":52},"3":{"name":"(anonymous_3)","decl":{"start":{"line":75,"column":36},"end":{"line":75,"column":37}},"loc":{"start":{"line":75,"column":56},"end":{"line":92,"column":1}},"line":75},"4":{"name":"(anonymous_4)","decl":{"start":{"line":97,"column":27},"end":{"line":97,"column":28}},"loc":{"start":{"line":97,"column":47},"end":{"line":115,"column":1}},"line":97},"5":{"name":"(anonymous_5)","decl":{"start":{"line":120,"column":29},"end":{"line":120,"column":30}},"loc":{"start":{"line":120,"column":49},"end":{"line":137,"column":1}},"line":120},"6":{"name":"(anonymous_6)","decl":{"start":{"line":142,"column":31},"end":{"line":142,"column":32}},"loc":{"start":{"line":142,"column":51},"end":{"line":170,"column":1}},"line":142}},"branchMap":{"0":{"loc":{"start":{"line":55,"column":12},"end":{"line":55,"column":22}},"type":"default-arg","locations":[{"start":{"line":55,"column":20},"end":{"line":55,"column":22}}],"line":55},"1":{"loc":{"start":{"line":100,"column":12},"end":{"line":100,"column":21}},"type":"default-arg","locations":[{"start":{"line":100,"column":19},"end":{"line":100,"column":21}}],"line":100}},"s":{"0":0,"1":0,"2":0,"3":0,"4":0,"5":0,"6":0,"7":0,"8":0,"9":0,"10":0,"11":0,"12":0,"13":0,"14":0,"15":0,"16":0,"17":0,"18":0,"19":0,"20":0,"21":0,"22":0,"23":0,"24":0,"25":0,"26":0,"27":0,"28":0,"29":0,"30":0,"31":0,"32":0,"33":0,"34":0,"35":0,"36":0,"37":0,"38":0,"39":0,"40":0,"41":0,"42":0,"43":0,"44":0,"45":0,"46":0,"47":0,"48":0,"49":0,"50":0,"51":0},"f":{"0":0,"1":0,"2":0,"3":0,"4":0,"5":0,"6":0},"b":{"0":[0],"1":[0]}}
,"C:\\AI_AS\\university-ai-assistant\\backend\\src\\controllers\\authController.js": {"path":"C:\\AI_AS\\university-ai-assistant\\backend\\src\\controllers\\authController.js","statementMap":{"0":{"start":{"line":1,"column":12},"end":{"line":1,"column":35}},"1":{"start":{"line":2,"column":15},"end":{"line":2,"column":34}},"2":{"start":{"line":3,"column":15},"end":{"line":3,"column":39}},"3":{"start":{"line":4,"column":29},"end":{"line":4,"column":57}},"4":{"start":{"line":6,"column":22},"end":{"line":12,"column":1}},"5":{"start":{"line":7,"column":2},"end":{"line":11,"column":4}},"6":{"start":{"line":14,"column":0},"end":{"line":75,"column":2}},"7":{"start":{"line":15,"column":2},"end":{"line":74,"column":3}},"8":{"start":{"line":16,"column":19},"end":{"line":16,"column":40}},"9":{"start":{"line":17,"column":4},"end":{"line":22,"column":5}},"10":{"start":{"line":18,"column":6},"end":{"line":21,"column":9}},"11":{"start":{"line":24,"column":64},"end":{"line":24,"column":72}},"12":{"start":{"line":27,"column":25},"end":{"line":29,"column":6}},"13":{"start":{"line":31,"column":4},"end":{"line":36,"column":5}},"14":{"start":{"line":32,"column":6},"end":{"line":35,"column":9}},"15":{"start":{"line":39,"column":27},"end":{"line":39,"column":58}},"16":{"start":{"line":40,"column":17},"end":{"line":58,"column":6}},"17":{"start":{"line":60,"column":18},"end":{"line":60,"column":37}},"18":{"start":{"line":62,"column":4},"end":{"line":66,"column":7}},"19":{"start":{"line":68,"column":4},"end":{"line":68,"column":48}},"20":{"start":{"line":69,"column":4},"end":{"line":73,"column":7}},"21":{"start":{"line":77,"column":0},"end":{"line":134,"column":2}},"22":{"start":{"line":78,"column":2},"end":{"line":133,"column":3}},"23":{"start":{"line":79,"column":19},"end":{"line":79,"column":40}},"24":{"start":{"line":80,"column":4},"end":{"line":85,"column":5}},"25":{"start":{"line":81,"column":6},"end":{"line":84,"column":9}},"26":{"start":{"line":87,"column":32},"end":{"line":87,"column":40}},"27":{"start":{"line":90,"column":17},"end":{"line":92,"column":6}},"28":{"start":{"line":94,"column":4},"end":{"line":99,"column":5}},"29":{"start":{"line":95,"column":6},"end":{"line":98,"column":9}},"30":{"start":{"line":102,"column":28},"end":{"line":102,"column":78}},"31":{"start":{"line":103,"column":4},"end":{"line":108,"column":5}},"32":{"start":{"line":104,"column":6},"end":{"line":107,"column":9}},"33":{"start":{"line":111,"column":4},"end":{"line":114,"column":7}},"34":{"start":{"line":116,"column":18},"end":{"line":116,"column":37}},"35":{"start":{"line":119,"column":54},"end":{"line":119,"column":58}},"36":{"start":{"line":121,"column":4},"end":{"line":125,"column":7}},"37":{"start":{"line":127,"column":4},"end":{"line":127,"column":41}},"38":{"start":{"line":128,"column":4},"end":{"line":132,"column":7}},"39":{"start":{"line":136,"column":0},"end":{"line":180,"column":2}},"40":{"start":{"line":137,"column":2},"end":{"line":179,"column":3}},"41":{"start":{"line":138,"column":17},"end":{"line":160,"column":6}},"42":{"start":{"line":162,"column":4},"end":{"line":167,"column":5}},"43":{"start":{"line":163,"column":6},"end":{"line":166,"column":9}},"44":{"start":{"line":169,"column":4},"end":{"line":172,"column":7}},"45":{"start":{"line":174,"column":4},"end":{"line":174,"column":43}},"46":{"start":{"line":175,"column":4},"end":{"line":178,"column":7}},"47":{"start":{"line":182,"column":0},"end":{"line":187,"column":2}},"48":{"start":{"line":183,"column":2},"end":{"line":186,"column":5}}},"fnMap":{"0":{"name":"(anonymous_0)","decl":{"start":{"line":6,"column":22},"end":{"line":6,"column":23}},"loc":{"start":{"line":6,"column":32},"end":{"line":12,"column":1}},"line":6},"1":{"name":"(anonymous_1)","decl":{"start":{"line":14,"column":19},"end":{"line":14,"column":20}},"loc":{"start":{"line":14,"column":39},"end":{"line":75,"column":1}},"line":14},"2":{"name":"(anonymous_2)","decl":{"start":{"line":77,"column":16},"end":{"line":77,"column":17}},"loc":{"start":{"line":77,"column":36},"end":{"line":134,"column":1}},"line":77},"3":{"name":"(anonymous_3)","decl":{"start":{"line":136,"column":21},"end":{"line":136,"column":22}},"loc":{"start":{"line":136,"column":41},"end":{"line":180,"column":1}},"line":136},"4":{"name":"(anonymous_4)","decl":{"start":{"line":182,"column":17},"end":{"line":182,"column":18}},"loc":{"start":{"line":182,"column":37},"end":{"line":187,"column":1}},"line":182}},"branchMap":{"0":{"loc":{"start":{"line":10,"column":17},"end":{"line":10,"column":47}},"type":"binary-expr","locations":[{"start":{"line":10,"column":17},"end":{"line":10,"column":39}},{"start":{"line":10,"column":43},"end":{"line":10,"column":47}}],"line":10},"1":{"loc":{"start":{"line":17,"column":4},"end":{"line":22,"column":5}},"type":"if","locations":[{"start":{"line":17,"column":4},"end":{"line":22,"column":5}},{"start":{},"end":{}}],"line":17},"2":{"loc":{"start":{"line":31,"column":4},"end":{"line":36,"column":5}},"type":"if","locations":[{"start":{"line":31,"column":4},"end":{"line":36,"column":5}},{"start":{},"end":{}}],"line":31},"3":{"loc":{"start":{"line":45,"column":20},"end":{"line":45,"column":43}},"type":"binary-expr","locations":[{"start":{"line":45,"column":20},"end":{"line":45,"column":30}},{"start":{"line":45,"column":34},"end":{"line":45,"column":43}}],"line":45},"4":{"loc":{"start":{"line":46,"column":17},"end":{"line":46,"column":37}},"type":"binary-expr","locations":[{"start":{"line":46,"column":17},"end":{"line":46,"column":24}},{"start":{"line":46,"column":28},"end":{"line":46,"column":37}}],"line":46},"5":{"loc":{"start":{"line":80,"column":4},"end":{"line":85,"column":5}},"type":"if","locations":[{"start":{"line":80,"column":4},"end":{"line":85,"column":5}},{"start":{},"end":{}}],"line":80},"6":{"loc":{"start":{"line":94,"column":4},"end":{"line":99,"column":5}},"type":"if","locations":[{"start":{"line":94,"column":4},"end":{"line":99,"column":5}},{"start":{},"end":{}}],"line":94},"7":{"loc":{"start":{"line":103,"column":4},"end":{"line":108,"column":5}},"type":"if","locations":[{"start":{"line":103,"column":4},"end":{"line":108,"column":5}},{"start":{},"end":{}}],"line":103},"8":{"loc":{"start":{"line":162,"column":4},"end":{"line":167,"column":5}},"type":"if","locations":[{"start":{"line":162,"column":4},"end":{"line":167,"column":5}},{"start":{},"end":{}}],"line":162}},"s":{"0":0,"1":0,"2":0,"3":0,"4":0,"5":0,"6":0,"7":0,"8":0,"9":0,"10":0,"11":0,"12":0,"13":0,"14":0,"15":0,"16":0,"17":0,"18":0,"19":0,"20":0,"21":0,"22":0,"23":0,"24":0,"25":0,"26":0,"27":0,"28":0,"29":0,"30":0,"31":0,"32":0,"33":0,"34":0,"35":0,"36":0,"37":0,"38":0,"39":0,"40":0,"41":0,"42":0,"43":0,"44":0,"45":0,"46":0,"47":0,"48":0},"f":{"0":0,"1":0,"2":0,"3":0,"4":0},"b":{"0":[0,0],"1":[0,0],"2":[0,0],"3":[0,0],"4":[0,0],"5":[0,0],"6":[0,0],"7":[0,0],"8":[0,0]}}
,"C:\\AI_AS\\university-ai-assistant\\backend\\src\\controllers\\chatController.js": {"path":"C:\\AI_AS\\university-ai-assistant\\backend\\src\\controllers\\chatController.js","statementMap":{"0":{"start":{"line":3,"column":15},"end":{"line":3,"column":39}},"1":{"start":{"line":4,"column":18},"end":{"line":4,"column":50}},"2":{"start":{"line":5,"column":20},"end":{"line":5,"column":54}},"3":{"start":{"line":6,"column":29},"end":{"line":6,"column":57}},"4":{"start":{"line":9,"column":0},"end":{"line":167,"column":2}},"5":{"start":{"line":10,"column":2},"end":{"line":166,"column":3}},"6":{"start":{"line":11,"column":4},"end":{"line":11,"column":55}},"7":{"start":{"line":14,"column":19},"end":{"line":14,"column":40}},"8":{"start":{"line":15,"column":4},"end":{"line":21,"column":5}},"9":{"start":{"line":16,"column":6},"end":{"line":16,"column":58}},"10":{"start":{"line":17,"column":6},"end":{"line":20,"column":9}},"11":{"start":{"line":23,"column":57},"end":{"line":23,"column":65}},"12":{"start":{"line":24,"column":19},"end":{"line":24,"column":29}},"13":{"start":{"line":27,"column":4},"end":{"line":32,"column":5}},"14":{"start":{"line":28,"column":6},"end":{"line":31,"column":9}},"15":{"start":{"line":35,"column":25},"end":{"line":35,"column":29}},"16":{"start":{"line":36,"column":4},"end":{"line":43,"column":5}},"17":{"start":{"line":37,"column":6},"end":{"line":42,"column":7}},"18":{"start":{"line":39,"column":8},"end":{"line":39,"column":39}},"19":{"start":{"line":40,"column":13},"end":{"line":42,"column":7}},"20":{"start":{"line":41,"column":8},"end":{"line":41,"column":36}},"21":{"start":{"line":46,"column":22},"end":{"line":46,"column":69}},"22":{"start":{"line":49,"column":22},"end":{"line":49,"column":24}},"23":{"start":{"line":50,"column":19},"end":{"line":50,"column":23}},"24":{"start":{"line":51,"column":4},"end":{"line":64,"column":5}},"25":{"start":{"line":52,"column":19},"end":{"line":52,"column":61}},"26":{"start":{"line":53,"column":6},"end":{"line":63,"column":7}},"27":{"start":{"line":54,"column":8},"end":{"line":54,"column":42}},"28":{"start":{"line":55,"column":8},"end":{"line":59,"column":10}},"29":{"start":{"line":60,"column":8},"end":{"line":60,"column":86}},"30":{"start":{"line":62,"column":8},"end":{"line":62,"column":78}},"31":{"start":{"line":67,"column":22},"end":{"line":67,"column":24}},"32":{"start":{"line":68,"column":4},"end":{"line":86,"column":5}},"33":{"start":{"line":69,"column":6},"end":{"line":82,"column":9}},"34":{"start":{"line":84,"column":6},"end":{"line":84,"column":72}},"35":{"start":{"line":89,"column":20},"end":{"line":92,"column":6}},"36":{"start":{"line":89,"column":47},"end":{"line":92,"column":5}},"37":{"start":{"line":95,"column":23},"end":{"line":95,"column":30}},"38":{"start":{"line":96,"column":4},"end":{"line":109,"column":5}},"39":{"start":{"line":97,"column":25},"end":{"line":107,"column":7}},"40":{"start":{"line":108,"column":6},"end":{"line":108,"column":32}},"41":{"start":{"line":112,"column":4},"end":{"line":112,"column":44}},"42":{"start":{"line":113,"column":23},"end":{"line":113,"column":61}},"43":{"start":{"line":114,"column":4},"end":{"line":114,"column":42}},"44":{"start":{"line":117,"column":4},"end":{"line":155,"column":5}},"45":{"start":{"line":118,"column":26},"end":{"line":130,"column":8}},"46":{"start":{"line":132,"column":6},"end":{"line":141,"column":9}},"47":{"start":{"line":143,"column":6},"end":{"line":143,"column":55}},"48":{"start":{"line":146,"column":6},"end":{"line":154,"column":9}},"49":{"start":{"line":157,"column":4},"end":{"line":157,"column":42}},"50":{"start":{"line":160,"column":4},"end":{"line":165,"column":7}},"51":{"start":{"line":170,"column":0},"end":{"line":206,"column":2}},"52":{"start":{"line":171,"column":2},"end":{"line":205,"column":3}},"53":{"start":{"line":172,"column":27},"end":{"line":172,"column":36}},"54":{"start":{"line":173,"column":19},"end":{"line":173,"column":29}},"55":{"start":{"line":175,"column":18},"end":{"line":175,"column":37}},"56":{"start":{"line":176,"column":4},"end":{"line":178,"column":5}},"57":{"start":{"line":177,"column":6},"end":{"line":177,"column":36}},"58":{"start":{"line":180,"column":21},"end":{"line":193,"column":6}},"59":{"start":{"line":195,"column":4},"end":{"line":198,"column":7}},"60":{"start":{"line":200,"column":4},"end":{"line":200,"column":52}},"61":{"start":{"line":201,"column":4},"end":{"line":204,"column":7}},"62":{"start":{"line":209,"column":0},"end":{"line":228,"column":2}},"63":{"start":{"line":210,"column":2},"end":{"line":227,"column":3}},"64":{"start":{"line":211,"column":19},"end":{"line":211,"column":29}},"65":{"start":{"line":212,"column":23},"end":{"line":212,"column":56}},"66":{"start":{"line":214,"column":4},"end":{"line":220,"column":7}},"67":{"start":{"line":222,"column":4},"end":{"line":222,"column":50}},"68":{"start":{"line":223,"column":4},"end":{"line":226,"column":7}},"69":{"start":{"line":231,"column":0},"end":{"line":258,"column":2}},"70":{"start":{"line":232,"column":2},"end":{"line":257,"column":3}},"71":{"start":{"line":233,"column":27},"end":{"line":233,"column":35}},"72":{"start":{"line":234,"column":19},"end":{"line":234,"column":29}},"73":{"start":{"line":236,"column":18},"end":{"line":238,"column":5}},"74":{"start":{"line":239,"column":4},"end":{"line":241,"column":5}},"75":{"start":{"line":240,"column":6},"end":{"line":240,"column":36}},"76":{"start":{"line":243,"column":19},"end":{"line":245,"column":6}},"77":{"start":{"line":247,"column":4},"end":{"line":250,"column":7}},"78":{"start":{"line":252,"column":4},"end":{"line":252,"column":49}},"79":{"start":{"line":253,"column":4},"end":{"line":256,"column":7}}},"fnMap":{"0":{"name":"(anonymous_0)","decl":{"start":{"line":9,"column":22},"end":{"line":9,"column":23}},"loc":{"start":{"line":9,"column":42},"end":{"line":167,"column":1}},"line":9},"1":{"name":"(anonymous_1)","decl":{"start":{"line":89,"column":40},"end":{"line":89,"column":41}},"loc":{"start":{"line":89,"column":47},"end":{"line":92,"column":5}},"line":89},"2":{"name":"(anonymous_2)","decl":{"start":{"line":170,"column":25},"end":{"line":170,"column":26}},"loc":{"start":{"line":170,"column":45},"end":{"line":206,"column":1}},"line":170},"3":{"name":"(anonymous_3)","decl":{"start":{"line":209,"column":24},"end":{"line":209,"column":25}},"loc":{"start":{"line":209,"column":44},"end":{"line":228,"column":1}},"line":209},"4":{"name":"(anonymous_4)","decl":{"start":{"line":231,"column":23},"end":{"line":231,"column":24}},"loc":{"start":{"line":231,"column":43},"end":{"line":258,"column":1}},"line":231}},"branchMap":{"0":{"loc":{"start":{"line":15,"column":4},"end":{"line":21,"column":5}},"type":"if","locations":[{"start":{"line":15,"column":4},"end":{"line":21,"column":5}},{"start":{},"end":{}}],"line":15},"1":{"loc":{"start":{"line":27,"column":4},"end":{"line":32,"column":5}},"type":"if","locations":[{"start":{"line":27,"column":4},"end":{"line":32,"column":5}},{"start":{},"end":{}}],"line":27},"2":{"loc":{"start":{"line":27,"column":8},"end":{"line":27,"column":41}},"type":"binary-expr","locations":[{"start":{"line":27,"column":8},"end":{"line":27,"column":16}},{"start":{"line":27,"column":20},"end":{"line":27,"column":41}}],"line":27},"3":{"loc":{"start":{"line":36,"column":4},"end":{"line":43,"column":5}},"type":"if","locations":[{"start":{"line":36,"column":4},"end":{"line":43,"column":5}},{"start":{},"end":{}}],"line":36},"4":{"loc":{"start":{"line":37,"column":6},"end":{"line":42,"column":7}},"type":"if","locations":[{"start":{"line":37,"column":6},"end":{"line":42,"column":7}},{"start":{"line":40,"column":13},"end":{"line":42,"column":7}}],"line":37},"5":{"loc":{"start":{"line":37,"column":10},"end":{"line":37,"column":60}},"type":"binary-expr","locations":[{"start":{"line":37,"column":10},"end":{"line":37,"column":35}},{"start":{"line":37,"column":39},"end":{"line":37,"column":60}}],"line":37},"6":{"loc":{"start":{"line":40,"column":13},"end":{"line":42,"column":7}},"type":"if","locations":[{"start":{"line":40,"column":13},"end":{"line":42,"column":7}},{"start":{},"end":{}}],"line":40},"7":{"loc":{"start":{"line":46,"column":22},"end":{"line":46,"column":69}},"type":"binary-expr","locations":[{"start":{"line":46,"column":22},"end":{"line":46,"column":32}},{"start":{"line":46,"column":36},"end":{"line":46,"column":69}}],"line":46},"8":{"loc":{"start":{"line":51,"column":4},"end":{"line":64,"column":5}},"type":"if","locations":[{"start":{"line":51,"column":4},"end":{"line":64,"column":5}},{"start":{},"end":{}}],"line":51},"9":{"loc":{"start":{"line":53,"column":6},"end":{"line":63,"column":7}},"type":"if","locations":[{"start":{"line":53,"column":6},"end":{"line":63,"column":7}},{"start":{"line":61,"column":13},"end":{"line":63,"column":7}}],"line":53},"10":{"loc":{"start":{"line":53,"column":10},"end":{"line":53,"column":37}},"type":"binary-expr","locations":[{"start":{"line":53,"column":10},"end":{"line":53,"column":14}},{"start":{"line":53,"column":18},"end":{"line":53,"column":37}}],"line":53},"11":{"loc":{"start":{"line":91,"column":36},"end":{"line":91,"column":54}},"type":"binary-expr","locations":[{"start":{"line":91,"column":36},"end":{"line":91,"column":48}},{"start":{"line":91,"column":52},"end":{"line":91,"column":54}}],"line":91},"12":{"loc":{"start":{"line":96,"column":4},"end":{"line":109,"column":5}},"type":"if","locations":[{"start":{"line":96,"column":4},"end":{"line":109,"column":5}},{"start":{},"end":{}}],"line":96},"13":{"loc":{"start":{"line":123,"column":20},"end":{"line":123,"column":63}},"type":"binary-expr","locations":[{"start":{"line":123,"column":20},"end":{"line":123,"column":38}},{"start":{"line":123,"column":42},"end":{"line":123,"column":63}}],"line":123},"14":{"loc":{"start":{"line":126,"column":20},"end":{"line":126,"column":55}},"type":"binary-expr","locations":[{"start":{"line":126,"column":20},"end":{"line":126,"column":50}},{"start":{"line":126,"column":54},"end":{"line":126,"column":55}}],"line":126},"15":{"loc":{"start":{"line":127,"column":19},"end":{"line":127,"column":58}},"type":"binary-expr","locations":[{"start":{"line":127,"column":19},"end":{"line":127,"column":39}},{"start":{"line":127,"column":43},"end":{"line":127,"column":58}}],"line":127},"16":{"loc":{"start":{"line":164,"column":13},"end":{"line":164,"column":77}},"type":"cond-expr","locations":[{"start":{"line":164,"column":54},"end":{"line":164,"column":65}},{"start":{"line":164,"column":68},"end":{"line":164,"column":77}}],"line":164},"17":{"loc":{"start":{"line":176,"column":4},"end":{"line":178,"column":5}},"type":"if","locations":[{"start":{"line":176,"column":4},"end":{"line":178,"column":5}},{"start":{},"end":{}}],"line":176},"18":{"loc":{"start":{"line":239,"column":4},"end":{"line":241,"column":5}},"type":"if","locations":[{"start":{"line":239,"column":4},"end":{"line":241,"column":5}},{"start":{},"end":{}}],"line":239}},"s":{"0":0,"1":0,"2":0,"3":0,"4":0,"5":0,"6":0,"7":0,"8":0,"9":0,"10":0,"11":0,"12":0,"13":0,"14":0,"15":0,"16":0,"17":0,"18":0,"19":0,"20":0,"21":0,"22":0,"23":0,"24":0,"25":0,"26":0,"27":0,"28":0,"29":0,"30":0,"31":0,"32":0,"33":0,"34":0,"35":0,"36":0,"37":0,"38":0,"39":0,"40":0,"41":0,"42":0,"43":0,"44":0,"45":0,"46":0,"47":0,"48":0,"49":0,"50":0,"51":0,"52":0,"53":0,"54":0,"55":0,"56":0,"57":0,"58":0,"59":0,"60":0,"61":0,"62":0,"63":0,"64":0,"65":0,"66":0,"67":0,"68":0,"69":0,"70":0,"71":0,"72":0,"73":0,"74":0,"75":0,"76":0,"77":0,"78":0,"79":0},"f":{"0":0,"1":0,"2":0,"3":0,"4":0},"b":{"0":[0,0],"1":[0,0],"2":[0,0],"3":[0,0],"4":[0,0],"5":[0,0],"6":[0,0],"7":[0,0],"8":[0,0],"9":[0,0],"10":[0,0],"11":[0,0],"12":[0,0],"13":[0,0],"14":[0,0],"15":[0,0],"16":[0,0],"17":[0,0],"18":[0,0]}}
,"C:\\AI_AS\\university-ai-assistant\\backend\\src\\controllers\\fileController.js": {"path":"C:\\AI_AS\\university-ai-assistant\\backend\\src\\controllers\\fileController.js","statementMap":{"0":{"start":{"line":3,"column":20},"end":{"line":3,"column":54}},"1":{"start":{"line":4,"column":22},"end":{"line":4,"column":58}},"2":{"start":{"line":5,"column":18},"end":{"line":5,"column":50}},"3":{"start":{"line":8,"column":0},"end":{"line":47,"column":2}},"4":{"start":{"line":9,"column":2},"end":{"line":46,"column":3}},"5":{"start":{"line":10,"column":19},"end":{"line":10,"column":29}},"6":{"start":{"line":12,"column":4},"end":{"line":17,"column":5}},"7":{"start":{"line":13,"column":6},"end":{"line":16,"column":9}},"8":{"start":{"line":19,"column":4},"end":{"line":19,"column":86}},"9":{"start":{"line":22,"column":19},"end":{"line":22,"column":66}},"10":{"start":{"line":25,"column":4},"end":{"line":33,"column":5}},"11":{"start":{"line":26,"column":6},"end":{"line":32,"column":9}},"12":{"start":{"line":35,"column":4},"end":{"line":38,"column":7}},"13":{"start":{"line":40,"column":4},"end":{"line":40,"column":42}},"14":{"start":{"line":41,"column":4},"end":{"line":45,"column":7}},"15":{"start":{"line":50,"column":0},"end":{"line":133,"column":2}},"16":{"start":{"line":51,"column":2},"end":{"line":132,"column":3}},"17":{"start":{"line":52,"column":52},"end":{"line":52,"column":60}},"18":{"start":{"line":53,"column":19},"end":{"line":53,"column":29}},"19":{"start":{"line":55,"column":4},"end":{"line":60,"column":5}},"20":{"start":{"line":56,"column":6},"end":{"line":59,"column":9}},"21":{"start":{"line":63,"column":17},"end":{"line":63,"column":58}},"22":{"start":{"line":64,"column":4},"end":{"line":69,"column":5}},"23":{"start":{"line":65,"column":6},"end":{"line":68,"column":9}},"24":{"start":{"line":72,"column":18},"end":{"line":72,"column":20}},"25":{"start":{"line":73,"column":4},"end":{"line":80,"column":5}},"26":{"start":{"line":74,"column":6},"end":{"line":74,"column":36}},"27":{"start":{"line":76,"column":6},"end":{"line":79,"column":9}},"28":{"start":{"line":83,"column":4},"end":{"line":88,"column":5}},"29":{"start":{"line":84,"column":6},"end":{"line":87,"column":9}},"30":{"start":{"line":91,"column":19},"end":{"line":103,"column":5}},"31":{"start":{"line":106,"column":23},"end":{"line":106,"column":55}},"32":{"start":{"line":108,"column":4},"end":{"line":113,"column":5}},"33":{"start":{"line":109,"column":6},"end":{"line":112,"column":9}},"34":{"start":{"line":115,"column":4},"end":{"line":124,"column":7}},"35":{"start":{"line":126,"column":4},"end":{"line":126,"column":44}},"36":{"start":{"line":127,"column":4},"end":{"line":131,"column":7}},"37":{"start":{"line":136,"column":0},"end":{"line":185,"column":2}},"38":{"start":{"line":137,"column":2},"end":{"line":184,"column":3}},"39":{"start":{"line":138,"column":31},"end":{"line":138,"column":39}},"40":{"start":{"line":139,"column":19},"end":{"line":139,"column":29}},"41":{"start":{"line":141,"column":4},"end":{"line":146,"column":5}},"42":{"start":{"line":142,"column":6},"end":{"line":145,"column":9}},"43":{"start":{"line":149,"column":17},"end":{"line":149,"column":58}},"44":{"start":{"line":150,"column":4},"end":{"line":155,"column":5}},"45":{"start":{"line":151,"column":6},"end":{"line":154,"column":9}},"46":{"start":{"line":158,"column":19},"end":{"line":161,"column":5}},"47":{"start":{"line":163,"column":4},"end":{"line":168,"column":5}},"48":{"start":{"line":164,"column":6},"end":{"line":167,"column":9}},"49":{"start":{"line":170,"column":4},"end":{"line":176,"column":7}},"50":{"start":{"line":178,"column":4},"end":{"line":178,"column":49}},"51":{"start":{"line":179,"column":4},"end":{"line":183,"column":7}},"52":{"start":{"line":188,"column":0},"end":{"line":213,"column":2}},"53":{"start":{"line":189,"column":2},"end":{"line":212,"column":3}},"54":{"start":{"line":190,"column":19},"end":{"line":190,"column":29}},"55":{"start":{"line":191,"column":18},"end":{"line":191,"column":56}},"56":{"start":{"line":193,"column":4},"end":{"line":204,"column":7}},"57":{"start":{"line":195,"column":28},"end":{"line":203,"column":7}},"58":{"start":{"line":206,"column":4},"end":{"line":206,"column":45}},"59":{"start":{"line":207,"column":4},"end":{"line":211,"column":7}},"60":{"start":{"line":216,"column":0},"end":{"line":234,"column":2}},"61":{"start":{"line":217,"column":2},"end":{"line":233,"column":3}},"62":{"start":{"line":218,"column":23},"end":{"line":218,"column":33}},"63":{"start":{"line":219,"column":19},"end":{"line":219,"column":29}},"64":{"start":{"line":221,"column":19},"end":{"line":221,"column":63}},"65":{"start":{"line":222,"column":4},"end":{"line":225,"column":7}},"66":{"start":{"line":227,"column":4},"end":{"line":227,"column":47}},"67":{"start":{"line":228,"column":4},"end":{"line":232,"column":7}}},"fnMap":{"0":{"name":"(anonymous_0)","decl":{"start":{"line":8,"column":21},"end":{"line":8,"column":22}},"loc":{"start":{"line":8,"column":41},"end":{"line":47,"column":1}},"line":8},"1":{"name":"(anonymous_1)","decl":{"start":{"line":50,"column":18},"end":{"line":50,"column":19}},"loc":{"start":{"line":50,"column":38},"end":{"line":133,"column":1}},"line":50},"2":{"name":"(anonymous_2)","decl":{"start":{"line":136,"column":23},"end":{"line":136,"column":24}},"loc":{"start":{"line":136,"column":43},"end":{"line":185,"column":1}},"line":136},"3":{"name":"(anonymous_3)","decl":{"start":{"line":188,"column":19},"end":{"line":188,"column":20}},"loc":{"start":{"line":188,"column":39},"end":{"line":213,"column":1}},"line":188},"4":{"name":"(anonymous_4)","decl":{"start":{"line":195,"column":22},"end":{"line":195,"column":23}},"loc":{"start":{"line":195,"column":28},"end":{"line":203,"column":7}},"line":195},"5":{"name":"(anonymous_5)","decl":{"start":{"line":216,"column":21},"end":{"line":216,"column":22}},"loc":{"start":{"line":216,"column":41},"end":{"line":234,"column":1}},"line":216}},"branchMap":{"0":{"loc":{"start":{"line":12,"column":4},"end":{"line":17,"column":5}},"type":"if","locations":[{"start":{"line":12,"column":4},"end":{"line":17,"column":5}},{"start":{},"end":{}}],"line":12},"1":{"loc":{"start":{"line":25,"column":4},"end":{"line":33,"column":5}},"type":"if","locations":[{"start":{"line":25,"column":4},"end":{"line":33,"column":5}},{"start":{},"end":{}}],"line":25},"2":{"loc":{"start":{"line":25,"column":8},"end":{"line":25,"column":115}},"type":"binary-expr","locations":[{"start":{"line":25,"column":8},"end":{"line":25,"column":35}},{"start":{"line":25,"column":40},"end":{"line":25,"column":61}},{"start":{"line":25,"column":65},"end":{"line":25,"column":114}}],"line":25},"3":{"loc":{"start":{"line":52,"column":30},"end":{"line":52,"column":47}},"type":"default-arg","locations":[{"start":{"line":52,"column":41},"end":{"line":52,"column":47}}],"line":52},"4":{"loc":{"start":{"line":55,"column":4},"end":{"line":60,"column":5}},"type":"if","locations":[{"start":{"line":55,"column":4},"end":{"line":60,"column":5}},{"start":{},"end":{}}],"line":55},"5":{"loc":{"start":{"line":55,"column":8},"end":{"line":55,"column":28}},"type":"binary-expr","locations":[{"start":{"line":55,"column":8},"end":{"line":55,"column":15}},{"start":{"line":55,"column":19},"end":{"line":55,"column":28}}],"line":55},"6":{"loc":{"start":{"line":64,"column":4},"end":{"line":69,"column":5}},"type":"if","locations":[{"start":{"line":64,"column":4},"end":{"line":69,"column":5}},{"start":{},"end":{}}],"line":64},"7":{"loc":{"start":{"line":73,"column":4},"end":{"line":80,"column":5}},"type":"if","locations":[{"start":{"line":73,"column":4},"end":{"line":80,"column":5}},{"start":{"line":75,"column":11},"end":{"line":80,"column":5}}],"line":73},"8":{"loc":{"start":{"line":83,"column":4},"end":{"line":88,"column":5}},"type":"if","locations":[{"start":{"line":83,"column":4},"end":{"line":88,"column":5}},{"start":{},"end":{}}],"line":83},"9":{"loc":{"start":{"line":100,"column":8},"end":{"line":100,"column":138}},"type":"cond-expr","locations":[{"start":{"line":100,"column":29},"end":{"line":100,"column":54}},{"start":{"line":100,"column":57},"end":{"line":100,"column":138}}],"line":100},"10":{"loc":{"start":{"line":100,"column":57},"end":{"line":100,"column":138}},"type":"cond-expr","locations":[{"start":{"line":100,"column":82},"end":{"line":100,"column":102}},{"start":{"line":100,"column":105},"end":{"line":100,"column":138}}],"line":100},"11":{"loc":{"start":{"line":108,"column":4},"end":{"line":113,"column":5}},"type":"if","locations":[{"start":{"line":108,"column":4},"end":{"line":113,"column":5}},{"start":{},"end":{}}],"line":108},"12":{"loc":{"start":{"line":111,"column":17},"end":{"line":111,"column":66}},"type":"binary-expr","locations":[{"start":{"line":111,"column":17},"end":{"line":111,"column":35}},{"start":{"line":111,"column":39},"end":{"line":111,"column":66}}],"line":111},"13":{"loc":{"start":{"line":122,"column":18},"end":{"line":122,"column":50}},"type":"binary-expr","locations":[{"start":{"line":122,"column":18},"end":{"line":122,"column":37}},{"start":{"line":122,"column":41},"end":{"line":122,"column":50}}],"line":122},"14":{"loc":{"start":{"line":141,"column":4},"end":{"line":146,"column":5}},"type":"if","locations":[{"start":{"line":141,"column":4},"end":{"line":146,"column":5}},{"start":{},"end":{}}],"line":141},"15":{"loc":{"start":{"line":150,"column":4},"end":{"line":155,"column":5}},"type":"if","locations":[{"start":{"line":150,"column":4},"end":{"line":155,"column":5}},{"start":{},"end":{}}],"line":150},"16":{"loc":{"start":{"line":150,"column":8},"end":{"line":150,"column":43}},"type":"binary-expr","locations":[{"start":{"line":150,"column":8},"end":{"line":150,"column":13}},{"start":{"line":150,"column":17},"end":{"line":150,"column":43}}],"line":150},"17":{"loc":{"start":{"line":160,"column":6},"end":{"line":160,"column":47}},"type":"binary-expr","locations":[{"start":{"line":160,"column":6},"end":{"line":160,"column":12}},{"start":{"line":160,"column":16},"end":{"line":160,"column":47}}],"line":160},"18":{"loc":{"start":{"line":163,"column":4},"end":{"line":168,"column":5}},"type":"if","locations":[{"start":{"line":163,"column":4},"end":{"line":168,"column":5}},{"start":{},"end":{}}],"line":163},"19":{"loc":{"start":{"line":166,"column":17},"end":{"line":166,"column":60}},"type":"binary-expr","locations":[{"start":{"line":166,"column":17},"end":{"line":166,"column":31}},{"start":{"line":166,"column":35},"end":{"line":166,"column":60}}],"line":166},"20":{"loc":{"start":{"line":202,"column":18},"end":{"line":202,"column":115}},"type":"binary-expr","locations":[{"start":{"line":202,"column":18},"end":{"line":202,"column":34}},{"start":{"line":202,"column":38},"end":{"line":202,"column":65}},{"start":{"line":202,"column":69},"end":{"line":202,"column":115}}],"line":202}},"s":{"0":0,"1":0,"2":0,"3":0,"4":0,"5":0,"6":0,"7":0,"8":0,"9":0,"10":0,"11":0,"12":0,"13":0,"14":0,"15":0,"16":0,"17":0,"18":0,"19":0,"20":0,"21":0,"22":0,"23":0,"24":0,"25":0,"26":0,"27":0,"28":0,"29":0,"30":0,"31":0,"32":0,"33":0,"34":0,"35":0,"36":0,"37":0,"38":0,"39":0,"40":0,"41":0,"42":0,"43":0,"44":0,"45":0,"46":0,"47":0,"48":0,"49":0,"50":0,"51":0,"52":0,"53":0,"54":0,"55":0,"56":0,"57":0,"58":0,"59":0,"60":0,"61":0,"62":0,"63":0,"64":0,"65":0,"66":0,"67":0},"f":{"0":0,"1":0,"2":0,"3":0,"4":0,"5":0},"b":{"0":[0,0],"1":[0,0],"2":[0,0,0],"3":[0],"4":[0,0],"5":[0,0],"6":[0,0],"7":[0,0],"8":[0,0],"9":[0,0],"10":[0,0],"11":[0,0],"12":[0,0],"13":[0,0],"14":[0,0],"15":[0,0],"16":[0,0],"17":[0,0],"18":[0,0],"19":[0,0],"20":[0,0,0]}}
,"C:\\AI_AS\\university-ai-assistant\\backend\\src\\controllers\\notificationController.js": {"path":"C:\\AI_AS\\university-ai-assistant\\backend\\src\\controllers\\notificationController.js","statementMap":{"0":{"start":{"line":1,"column":28},"end":{"line":1,"column":70}},"1":{"start":{"line":2,"column":29},"end":{"line":2,"column":57}},"2":{"start":{"line":5,"column":0},"end":{"line":28,"column":2}},"3":{"start":{"line":6,"column":2},"end":{"line":27,"column":3}},"4":{"start":{"line":7,"column":19},"end":{"line":7,"column":29}},"5":{"start":{"line":8,"column":39},"end":{"line":8,"column":48}},"6":{"start":{"line":10,"column":19},"end":{"line":14,"column":5}},"7":{"start":{"line":16,"column":4},"end":{"line":19,"column":7}},"8":{"start":{"line":21,"column":4},"end":{"line":21,"column":53}},"9":{"start":{"line":22,"column":4},"end":{"line":26,"column":7}},"10":{"start":{"line":31,"column":0},"end":{"line":49,"column":2}},"11":{"start":{"line":32,"column":2},"end":{"line":48,"column":3}},"12":{"start":{"line":33,"column":19},"end":{"line":33,"column":29}},"13":{"start":{"line":35,"column":26},"end":{"line":35,"column":82}},"14":{"start":{"line":37,"column":4},"end":{"line":40,"column":7}},"15":{"start":{"line":42,"column":4},"end":{"line":42,"column":60}},"16":{"start":{"line":43,"column":4},"end":{"line":47,"column":7}},"17":{"start":{"line":52,"column":0},"end":{"line":78,"column":2}},"18":{"start":{"line":53,"column":2},"end":{"line":77,"column":3}},"19":{"start":{"line":54,"column":19},"end":{"line":54,"column":29}},"20":{"start":{"line":55,"column":19},"end":{"line":55,"column":29}},"21":{"start":{"line":57,"column":25},"end":{"line":57,"column":73}},"22":{"start":{"line":59,"column":4},"end":{"line":64,"column":5}},"23":{"start":{"line":60,"column":6},"end":{"line":63,"column":9}},"24":{"start":{"line":66,"column":4},"end":{"line":69,"column":7}},"25":{"start":{"line":71,"column":4},"end":{"line":71,"column":48}},"26":{"start":{"line":72,"column":4},"end":{"line":76,"column":7}},"27":{"start":{"line":81,"column":0},"end":{"line":100,"column":2}},"28":{"start":{"line":82,"column":2},"end":{"line":99,"column":3}},"29":{"start":{"line":83,"column":19},"end":{"line":83,"column":29}},"30":{"start":{"line":85,"column":19},"end":{"line":85,"column":66}},"31":{"start":{"line":87,"column":4},"end":{"line":91,"column":7}},"32":{"start":{"line":93,"column":4},"end":{"line":93,"column":52}},"33":{"start":{"line":94,"column":4},"end":{"line":98,"column":7}},"34":{"start":{"line":103,"column":0},"end":{"line":129,"column":2}},"35":{"start":{"line":104,"column":2},"end":{"line":128,"column":3}},"36":{"start":{"line":105,"column":19},"end":{"line":105,"column":29}},"37":{"start":{"line":106,"column":19},"end":{"line":106,"column":29}},"38":{"start":{"line":108,"column":25},"end":{"line":108,"column":81}},"39":{"start":{"line":110,"column":4},"end":{"line":115,"column":5}},"40":{"start":{"line":111,"column":6},"end":{"line":114,"column":9}},"41":{"start":{"line":117,"column":4},"end":{"line":120,"column":7}},"42":{"start":{"line":122,"column":4},"end":{"line":122,"column":55}},"43":{"start":{"line":123,"column":4},"end":{"line":127,"column":7}},"44":{"start":{"line":132,"column":0},"end":{"line":151,"column":2}},"45":{"start":{"line":133,"column":2},"end":{"line":150,"column":3}},"46":{"start":{"line":134,"column":19},"end":{"line":134,"column":29}},"47":{"start":{"line":136,"column":19},"end":{"line":136,"column":75}},"48":{"start":{"line":138,"column":4},"end":{"line":142,"column":7}},"49":{"start":{"line":144,"column":4},"end":{"line":144,"column":60}},"50":{"start":{"line":145,"column":4},"end":{"line":149,"column":7}},"51":{"start":{"line":154,"column":0},"end":{"line":198,"column":2}},"52":{"start":{"line":155,"column":2},"end":{"line":197,"column":3}},"53":{"start":{"line":156,"column":19},"end":{"line":156,"column":29}},"54":{"start":{"line":157,"column":30},"end":{"line":157,"column":38}},"55":{"start":{"line":159,"column":18},"end":{"line":176,"column":5}},"56":{"start":{"line":178,"column":21},"end":{"line":178,"column":46}},"57":{"start":{"line":180,"column":25},"end":{"line":184,"column":6}},"58":{"start":{"line":186,"column":4},"end":{"line":189,"column":7}},"59":{"start":{"line":191,"column":4},"end":{"line":191,"column":60}},"60":{"start":{"line":192,"column":4},"end":{"line":196,"column":7}}},"fnMap":{"0":{"name":"(anonymous_0)","decl":{"start":{"line":5,"column":27},"end":{"line":5,"column":28}},"loc":{"start":{"line":5,"column":47},"end":{"line":28,"column":1}},"line":5},"1":{"name":"(anonymous_1)","decl":{"start":{"line":31,"column":33},"end":{"line":31,"column":34}},"loc":{"start":{"line":31,"column":53},"end":{"line":49,"column":1}},"line":31},"2":{"name":"(anonymous_2)","decl":{"start":{"line":52,"column":21},"end":{"line":52,"column":22}},"loc":{"start":{"line":52,"column":41},"end":{"line":78,"column":1}},"line":52},"3":{"name":"(anonymous_3)","decl":{"start":{"line":81,"column":24},"end":{"line":81,"column":25}},"loc":{"start":{"line":81,"column":44},"end":{"line":100,"column":1}},"line":81},"4":{"name":"(anonymous_4)","decl":{"start":{"line":103,"column":29},"end":{"line":103,"column":30}},"loc":{"start":{"line":103,"column":49},"end":{"line":129,"column":1}},"line":103},"5":{"name":"(anonymous_5)","decl":{"start":{"line":132,"column":33},"end":{"line":132,"column":34}},"loc":{"start":{"line":132,"column":53},"end":{"line":151,"column":1}},"line":132},"6":{"name":"(anonymous_6)","decl":{"start":{"line":154,"column":33},"end":{"line":154,"column":34}},"loc":{"start":{"line":154,"column":53},"end":{"line":198,"column":1}},"line":154}},"branchMap":{"0":{"loc":{"start":{"line":8,"column":12},"end":{"line":8,"column":22}},"type":"default-arg","locations":[{"start":{"line":8,"column":20},"end":{"line":8,"column":22}}],"line":8},"1":{"loc":{"start":{"line":8,"column":24},"end":{"line":8,"column":34}},"type":"default-arg","locations":[{"start":{"line":8,"column":33},"end":{"line":8,"column":34}}],"line":8},"2":{"loc":{"start":{"line":59,"column":4},"end":{"line":64,"column":5}},"type":"if","locations":[{"start":{"line":59,"column":4},"end":{"line":64,"column":5}},{"start":{},"end":{}}],"line":59},"3":{"loc":{"start":{"line":110,"column":4},"end":{"line":115,"column":5}},"type":"if","locations":[{"start":{"line":110,"column":4},"end":{"line":115,"column":5}},{"start":{},"end":{}}],"line":110},"4":{"loc":{"start":{"line":157,"column":12},"end":{"line":157,"column":25}},"type":"default-arg","locations":[{"start":{"line":157,"column":19},"end":{"line":157,"column":25}}],"line":157},"5":{"loc":{"start":{"line":178,"column":21},"end":{"line":178,"column":46}},"type":"binary-expr","locations":[{"start":{"line":178,"column":21},"end":{"line":178,"column":32}},{"start":{"line":178,"column":36},"end":{"line":178,"column":46}}],"line":178}},"s":{"0":0,"1":0,"2":0,"3":0,"4":0,"5":0,"6":0,"7":0,"8":0,"9":0,"10":0,"11":0,"12":0,"13":0,"14":0,"15":0,"16":0,"17":0,"18":0,"19":0,"20":0,"21":0,"22":0,"23":0,"24":0,"25":0,"26":0,"27":0,"28":0,"29":0,"30":0,"31":0,"32":0,"33":0,"34":0,"35":0,"36":0,"37":0,"38":0,"39":0,"40":0,"41":0,"42":0,"43":0,"44":0,"45":0,"46":0,"47":0,"48":0,"49":0,"50":0,"51":0,"52":0,"53":0,"54":0,"55":0,"56":0,"57":0,"58":0,"59":0,"60":0},"f":{"0":0,"1":0,"2":0,"3":0,"4":0,"5":0,"6":0},"b":{"0":[0],"1":[0],"2":[0,0],"3":[0,0],"4":[0],"5":[0,0]}}
,"C:\\AI_AS\\university-ai-assistant\\backend\\src\\controllers\\pdfController.js": {"path":"C:\\AI_AS\\university-ai-assistant\\backend\\src\\controllers\\pdfController.js","statementMap":{"0":{"start":{"line":1,"column":19},"end":{"line":1,"column":52}},"1":{"start":{"line":2,"column":22},"end":{"line":2,"column":58}},"2":{"start":{"line":3,"column":15},"end":{"line":3,"column":39}},"3":{"start":{"line":4,"column":29},"end":{"line":4,"column":57}},"4":{"start":{"line":6,"column":0},"end":{"line":46,"column":2}},"5":{"start":{"line":7,"column":2},"end":{"line":45,"column":3}},"6":{"start":{"line":8,"column":4},"end":{"line":13,"column":5}},"7":{"start":{"line":9,"column":6},"end":{"line":12,"column":9}},"8":{"start":{"line":15,"column":19},"end":{"line":15,"column":29}},"9":{"start":{"line":16,"column":21},"end":{"line":16,"column":56}},"10":{"start":{"line":17,"column":26},"end":{"line":17,"column":73}},"11":{"start":{"line":19,"column":24},"end":{"line":27,"column":6}},"12":{"start":{"line":29,"column":4},"end":{"line":37,"column":7}},"13":{"start":{"line":39,"column":4},"end":{"line":39,"column":46}},"14":{"start":{"line":40,"column":4},"end":{"line":44,"column":7}},"15":{"start":{"line":48,"column":0},"end":{"line":98,"column":2}},"16":{"start":{"line":49,"column":2},"end":{"line":97,"column":3}},"17":{"start":{"line":50,"column":42},"end":{"line":50,"column":50}},"18":{"start":{"line":52,"column":4},"end":{"line":57,"column":5}},"19":{"start":{"line":53,"column":6},"end":{"line":56,"column":9}},"20":{"start":{"line":59,"column":24},"end":{"line":61,"column":6}},"21":{"start":{"line":63,"column":4},"end":{"line":68,"column":5}},"22":{"start":{"line":64,"column":6},"end":{"line":67,"column":9}},"23":{"start":{"line":70,"column":26},"end":{"line":70,"column":77}},"24":{"start":{"line":71,"column":20},"end":{"line":71,"column":79}},"25":{"start":{"line":73,"column":23},"end":{"line":80,"column":6}},"26":{"start":{"line":82,"column":4},"end":{"line":89,"column":7}},"27":{"start":{"line":91,"column":4},"end":{"line":91,"column":49}},"28":{"start":{"line":92,"column":4},"end":{"line":96,"column":7}},"29":{"start":{"line":100,"column":0},"end":{"line":139,"column":2}},"30":{"start":{"line":101,"column":2},"end":{"line":138,"column":3}},"31":{"start":{"line":102,"column":19},"end":{"line":102,"column":29}},"32":{"start":{"line":104,"column":22},"end":{"line":126,"column":6}},"33":{"start":{"line":128,"column":4},"end":{"line":131,"column":7}},"34":{"start":{"line":133,"column":4},"end":{"line":133,"column":48}},"35":{"start":{"line":134,"column":4},"end":{"line":137,"column":7}},"36":{"start":{"line":141,"column":0},"end":{"line":185,"column":2}},"37":{"start":{"line":142,"column":2},"end":{"line":184,"column":3}},"38":{"start":{"line":143,"column":23},"end":{"line":143,"column":33}},"39":{"start":{"line":144,"column":19},"end":{"line":144,"column":29}},"40":{"start":{"line":146,"column":21},"end":{"line":165,"column":6}},"41":{"start":{"line":167,"column":4},"end":{"line":172,"column":5}},"42":{"start":{"line":168,"column":6},"end":{"line":171,"column":9}},"43":{"start":{"line":174,"column":4},"end":{"line":177,"column":7}},"44":{"start":{"line":179,"column":4},"end":{"line":179,"column":50}},"45":{"start":{"line":180,"column":4},"end":{"line":183,"column":7}},"46":{"start":{"line":187,"column":0},"end":{"line":246,"column":2}},"47":{"start":{"line":188,"column":2},"end":{"line":245,"column":3}},"48":{"start":{"line":189,"column":52},"end":{"line":189,"column":60}},"49":{"start":{"line":191,"column":4},"end":{"line":196,"column":5}},"50":{"start":{"line":192,"column":6},"end":{"line":195,"column":9}},"51":{"start":{"line":198,"column":4},"end":{"line":203,"column":5}},"52":{"start":{"line":199,"column":6},"end":{"line":202,"column":9}},"53":{"start":{"line":205,"column":24},"end":{"line":207,"column":6}},"54":{"start":{"line":209,"column":4},"end":{"line":214,"column":5}},"55":{"start":{"line":210,"column":6},"end":{"line":213,"column":9}},"56":{"start":{"line":216,"column":26},"end":{"line":216,"column":77}},"57":{"start":{"line":217,"column":19},"end":{"line":217,"column":90}},"58":{"start":{"line":219,"column":4},"end":{"line":228,"column":5}},"59":{"start":{"line":220,"column":6},"end":{"line":227,"column":9}},"60":{"start":{"line":230,"column":4},"end":{"line":237,"column":7}},"61":{"start":{"line":239,"column":4},"end":{"line":239,"column":43}},"62":{"start":{"line":240,"column":4},"end":{"line":244,"column":7}},"63":{"start":{"line":248,"column":0},"end":{"line":299,"column":2}},"64":{"start":{"line":249,"column":2},"end":{"line":298,"column":3}},"65":{"start":{"line":250,"column":66},"end":{"line":250,"column":74}},"66":{"start":{"line":252,"column":4},"end":{"line":257,"column":5}},"67":{"start":{"line":253,"column":6},"end":{"line":256,"column":9}},"68":{"start":{"line":259,"column":24},"end":{"line":261,"column":6}},"69":{"start":{"line":263,"column":4},"end":{"line":268,"column":5}},"70":{"start":{"line":264,"column":6},"end":{"line":267,"column":9}},"71":{"start":{"line":270,"column":26},"end":{"line":270,"column":77}},"72":{"start":{"line":271,"column":17},"end":{"line":271,"column":98}},"73":{"start":{"line":273,"column":4},"end":{"line":281,"column":5}},"74":{"start":{"line":274,"column":6},"end":{"line":280,"column":9}},"75":{"start":{"line":283,"column":4},"end":{"line":290,"column":7}},"76":{"start":{"line":292,"column":4},"end":{"line":292,"column":49}},"77":{"start":{"line":293,"column":4},"end":{"line":297,"column":7}},"78":{"start":{"line":301,"column":0},"end":{"line":340,"column":2}},"79":{"start":{"line":302,"column":2},"end":{"line":339,"column":3}},"80":{"start":{"line":303,"column":23},"end":{"line":303,"column":33}},"81":{"start":{"line":305,"column":4},"end":{"line":310,"column":5}},"82":{"start":{"line":306,"column":6},"end":{"line":309,"column":9}},"83":{"start":{"line":312,"column":24},"end":{"line":314,"column":6}},"84":{"start":{"line":316,"column":4},"end":{"line":321,"column":5}},"85":{"start":{"line":317,"column":6},"end":{"line":320,"column":9}},"86":{"start":{"line":323,"column":4},"end":{"line":323,"column":55}},"87":{"start":{"line":324,"column":4},"end":{"line":326,"column":7}},"88":{"start":{"line":328,"column":4},"end":{"line":331,"column":7}},"89":{"start":{"line":333,"column":4},"end":{"line":333,"column":46}},"90":{"start":{"line":334,"column":4},"end":{"line":338,"column":7}}},"fnMap":{"0":{"name":"(anonymous_0)","decl":{"start":{"line":6,"column":20},"end":{"line":6,"column":21}},"loc":{"start":{"line":6,"column":40},"end":{"line":46,"column":1}},"line":6},"1":{"name":"(anonymous_1)","decl":{"start":{"line":48,"column":23},"end":{"line":48,"column":24}},"loc":{"start":{"line":48,"column":43},"end":{"line":98,"column":1}},"line":48},"2":{"name":"(anonymous_2)","decl":{"start":{"line":100,"column":21},"end":{"line":100,"column":22}},"loc":{"start":{"line":100,"column":41},"end":{"line":139,"column":1}},"line":100},"3":{"name":"(anonymous_3)","decl":{"start":{"line":141,"column":23},"end":{"line":141,"column":24}},"loc":{"start":{"line":141,"column":43},"end":{"line":185,"column":1}},"line":141},"4":{"name":"(anonymous_4)","decl":{"start":{"line":187,"column":17},"end":{"line":187,"column":18}},"loc":{"start":{"line":187,"column":37},"end":{"line":246,"column":1}},"line":187},"5":{"name":"(anonymous_5)","decl":{"start":{"line":248,"column":23},"end":{"line":248,"column":24}},"loc":{"start":{"line":248,"column":43},"end":{"line":299,"column":1}},"line":248},"6":{"name":"(anonymous_6)","decl":{"start":{"line":301,"column":20},"end":{"line":301,"column":21}},"loc":{"start":{"line":301,"column":40},"end":{"line":340,"column":1}},"line":301}},"branchMap":{"0":{"loc":{"start":{"line":8,"column":4},"end":{"line":13,"column":5}},"type":"if","locations":[{"start":{"line":8,"column":4},"end":{"line":13,"column":5}},{"start":{},"end":{}}],"line":8},"1":{"loc":{"start":{"line":50,"column":20},"end":{"line":50,"column":37}},"type":"default-arg","locations":[{"start":{"line":50,"column":31},"end":{"line":50,"column":37}}],"line":50},"2":{"loc":{"start":{"line":52,"column":4},"end":{"line":57,"column":5}},"type":"if","locations":[{"start":{"line":52,"column":4},"end":{"line":57,"column":5}},{"start":{},"end":{}}],"line":52},"3":{"loc":{"start":{"line":63,"column":4},"end":{"line":68,"column":5}},"type":"if","locations":[{"start":{"line":63,"column":4},"end":{"line":68,"column":5}},{"start":{},"end":{}}],"line":63},"4":{"loc":{"start":{"line":77,"column":21},"end":{"line":77,"column":87}},"type":"cond-expr","locations":[{"start":{"line":77,"column":65},"end":{"line":77,"column":80}},{"start":{"line":77,"column":83},"end":{"line":77,"column":87}}],"line":77},"5":{"loc":{"start":{"line":77,"column":21},"end":{"line":77,"column":62}},"type":"binary-expr","locations":[{"start":{"line":77,"column":21},"end":{"line":77,"column":39}},{"start":{"line":77,"column":43},"end":{"line":77,"column":62}}],"line":77},"6":{"loc":{"start":{"line":78,"column":21},"end":{"line":78,"column":91}},"type":"cond-expr","locations":[{"start":{"line":78,"column":69},"end":{"line":78,"column":84}},{"start":{"line":78,"column":87},"end":{"line":78,"column":91}}],"line":78},"7":{"loc":{"start":{"line":78,"column":21},"end":{"line":78,"column":66}},"type":"binary-expr","locations":[{"start":{"line":78,"column":21},"end":{"line":78,"column":43}},{"start":{"line":78,"column":47},"end":{"line":78,"column":66}}],"line":78},"8":{"loc":{"start":{"line":167,"column":4},"end":{"line":172,"column":5}},"type":"if","locations":[{"start":{"line":167,"column":4},"end":{"line":172,"column":5}},{"start":{},"end":{}}],"line":167},"9":{"loc":{"start":{"line":189,"column":30},"end":{"line":189,"column":47}},"type":"default-arg","locations":[{"start":{"line":189,"column":41},"end":{"line":189,"column":47}}],"line":189},"10":{"loc":{"start":{"line":191,"column":4},"end":{"line":196,"column":5}},"type":"if","locations":[{"start":{"line":191,"column":4},"end":{"line":196,"column":5}},{"start":{},"end":{}}],"line":191},"11":{"loc":{"start":{"line":198,"column":4},"end":{"line":203,"column":5}},"type":"if","locations":[{"start":{"line":198,"column":4},"end":{"line":203,"column":5}},{"start":{},"end":{}}],"line":198},"12":{"loc":{"start":{"line":198,"column":8},"end":{"line":198,"column":43}},"type":"binary-expr","locations":[{"start":{"line":198,"column":8},"end":{"line":198,"column":17}},{"start":{"line":198,"column":21},"end":{"line":198,"column":43}}],"line":198},"13":{"loc":{"start":{"line":209,"column":4},"end":{"line":214,"column":5}},"type":"if","locations":[{"start":{"line":209,"column":4},"end":{"line":214,"column":5}},{"start":{},"end":{}}],"line":209},"14":{"loc":{"start":{"line":219,"column":4},"end":{"line":228,"column":5}},"type":"if","locations":[{"start":{"line":219,"column":4},"end":{"line":228,"column":5}},{"start":{},"end":{}}],"line":219},"15":{"loc":{"start":{"line":250,"column":20},"end":{"line":250,"column":42}},"type":"default-arg","locations":[{"start":{"line":250,"column":40},"end":{"line":250,"column":42}}],"line":250},"16":{"loc":{"start":{"line":250,"column":44},"end":{"line":250,"column":61}},"type":"default-arg","locations":[{"start":{"line":250,"column":55},"end":{"line":250,"column":61}}],"line":250},"17":{"loc":{"start":{"line":252,"column":4},"end":{"line":257,"column":5}},"type":"if","locations":[{"start":{"line":252,"column":4},"end":{"line":257,"column":5}},{"start":{},"end":{}}],"line":252},"18":{"loc":{"start":{"line":263,"column":4},"end":{"line":268,"column":5}},"type":"if","locations":[{"start":{"line":263,"column":4},"end":{"line":268,"column":5}},{"start":{},"end":{}}],"line":263},"19":{"loc":{"start":{"line":273,"column":4},"end":{"line":281,"column":5}},"type":"if","locations":[{"start":{"line":273,"column":4},"end":{"line":281,"column":5}},{"start":{},"end":{}}],"line":273},"20":{"loc":{"start":{"line":305,"column":4},"end":{"line":310,"column":5}},"type":"if","locations":[{"start":{"line":305,"column":4},"end":{"line":310,"column":5}},{"start":{},"end":{}}],"line":305},"21":{"loc":{"start":{"line":316,"column":4},"end":{"line":321,"column":5}},"type":"if","locations":[{"start":{"line":316,"column":4},"end":{"line":321,"column":5}},{"start":{},"end":{}}],"line":316}},"s":{"0":0,"1":0,"2":0,"3":0,"4":0,"5":0,"6":0,"7":0,"8":0,"9":0,"10":0,"11":0,"12":0,"13":0,"14":0,"15":0,"16":0,"17":0,"18":0,"19":0,"20":0,"21":0,"22":0,"23":0,"24":0,"25":0,"26":0,"27":0,"28":0,"29":0,"30":0,"31":0,"32":0,"33":0,"34":0,"35":0,"36":0,"37":0,"38":0,"39":0,"40":
[...]
":{"line":14,"column":22},"end":{"line":14,"column":45}},"type":"binary-expr","locations":[{"start":{"line":14,"column":22},"end":{"line":14,"column":37}},{"start":{"line":14,"column":41},"end":{"line":14,"column":45}}],"line":14},"1":{"loc":{"start":{"line":26,"column":25},"end":{"line":26,"column":43}},"type":"default-arg","locations":[{"start":{"line":26,"column":38},"end":{"line":26,"column":43}}],"line":26},"2":{"loc":{"start":{"line":29,"column":6},"end":{"line":31,"column":7}},"type":"if","locations":[{"start":{"line":29,"column":6},"end":{"line":31,"column":7}},{"start":{},"end":{}}],"line":29},"3":{"loc":{"start":{"line":63,"column":25},"end":{"line":63,"column":93}},"type":"cond-expr","locations":[{"start":{"line":63,"column":42},"end":{"line":63,"column":89}},{"start":{"line":63,"column":92},"end":{"line":63,"column":93}}],"line":63},"4":{"loc":{"start":{"line":102,"column":6},"end":{"line":102,"column":29}},"type":"if","locations":[{"start":{"line":102,"column":6},"end":{"line":102,"column":29}},{"start":{},"end":{}}],"line":102},"5":{"loc":{"start":{"line":106,"column":23},"end":{"line":106,"column":91}},"type":"cond-expr","locations":[{"start":{"line":106,"column":40},"end":{"line":106,"column":87}},{"start":{"line":106,"column":90},"end":{"line":106,"column":91}}],"line":106},"6":{"loc":{"start":{"line":131,"column":22},"end":{"line":131,"column":77}},"type":"cond-expr","locations":[{"start":{"line":131,"column":40},"end":{"line":131,"column":65}},{"start":{"line":131,"column":68},"end":{"line":131,"column":77}}],"line":131},"7":{"loc":{"start":{"line":132,"column":20},"end":{"line":132,"column":71}},"type":"cond-expr","locations":[{"start":{"line":132,"column":36},"end":{"line":132,"column":59}},{"start":{"line":132,"column":62},"end":{"line":132,"column":71}}],"line":132},"8":{"loc":{"start":{"line":133,"column":22},"end":{"line":133,"column":45}},"type":"binary-expr","locations":[{"start":{"line":133,"column":22},"end":{"line":133,"column":37}},{"start":{"line":133,"column":41},"end":{"line":133,"column":45}}],"line":133},"9":{"loc":{"start":{"line":134,"column":21},"end":{"line":134,"column":78}},"type":"cond-expr","locations":[{"start":{"line":134,"column":52},"end":{"line":134,"column":66}},{"start":{"line":134,"column":69},"end":{"line":134,"column":78}}],"line":134},"10":{"loc":{"start":{"line":176,"column":6},"end":{"line":178,"column":7}},"type":"if","locations":[{"start":{"line":176,"column":6},"end":{"line":178,"column":7}},{"start":{},"end":{}}],"line":176},"11":{"loc":{"start":{"line":186,"column":24},"end":{"line":186,"column":50}},"type":"binary-expr","locations":[{"start":{"line":186,"column":24},"end":{"line":186,"column":41}},{"start":{"line":186,"column":45},"end":{"line":186,"column":50}}],"line":186},"12":{"loc":{"start":{"line":209,"column":6},"end":{"line":211,"column":7}},"type":"if","locations":[{"start":{"line":209,"column":6},"end":{"line":211,"column":7}},{"start":{},"end":{}}],"line":209},"13":{"loc":{"start":{"line":218,"column":21},"end":{"line":218,"column":74}},"type":"cond-expr","locations":[{"start":{"line":218,"column":38},"end":{"line":218,"column":62}},{"start":{"line":218,"column":65},"end":{"line":218,"column":74}}],"line":218},"14":{"loc":{"start":{"line":219,"column":24},"end":{"line":219,"column":87}},"type":"cond-expr","locations":[{"start":{"line":219,"column":58},"end":{"line":219,"column":75}},{"start":{"line":219,"column":78},"end":{"line":219,"column":87}}],"line":219},"15":{"loc":{"start":{"line":259,"column":6},"end":{"line":261,"column":7}},"type":"if","locations":[{"start":{"line":259,"column":6},"end":{"line":261,"column":7}},{"start":{},"end":{}}],"line":259},"16":{"loc":{"start":{"line":292,"column":30},"end":{"line":292,"column":98}},"type":"cond-expr","locations":[{"start":{"line":292,"column":47},"end":{"line":292,"column":94}},{"start":{"line":292,"column":97},"end":{"line":292,"column":98}}],"line":292},"17":{"loc":{"start":{"line":303,"column":10},"end":{"line":303,"column":42}},"type":"if","locations":[{"start":{"line":303,"column":10},"end":{"line":303,"column":42}},{"start":{},"end":{}}],"line":303},"18":{"loc":{"start":{"line":307,"column":10},"end":{"line":311,"column":11}},"type":"if","locations":[{"start":{"line":307,"column":10},"end":{"line":311,"column":11}},{"start":{"line":309,"column":17},"end":{"line":311,"column":11}}],"line":307},"19":{"loc":{"start":{"line":309,"column":17},"end":{"line":311,"column":11}},"type":"if","locations":[{"start":{"line":309,"column":17},"end":{"line":311,"column":11}},{"start":{},"end":{}}],"line":309},"20":{"loc":{"start":{"line":356,"column":20},"end":{"line":356,"column":73}},"type":"cond-expr","locations":[{"start":{"line":356,"column":34},"end":{"line":356,"column":40}},{"start":{"line":356,"column":43},"end":{"line":356,"column":73}}],"line":356},"21":{"loc":{"start":{"line":356,"column":43},"end":{"line":356,"column":73}},"type":"cond-expr","locations":[{"start":{"line":356,"column":57},"end":{"line":356,"column":65}},{"start":{"line":356,"column":68},"end":{"line":356,"column":73}}],"line":356}},"s":{"0":0,"1":0,"2":0,"3":0,"4":0,"5":0,"6":0,"7":0,"8":0,"9":0,"10":0,"11":0,"12":0,"13":0,"14":0,"15":0,"16":0,"17":0,"18":0,"19":0,"20":0,"21":0,"22":0,"23":0,"24":0,"25":0,"26":0,"27":0,"28":0,"29":0,"30":0,"31":0,"32":0,"33":0,"34":0,"35":0,"36":0,"37":0,"38":0,"39":0,"40":0,"41":0,"42":0,"43":0,"44":0,"45":0,"46":0,"47":0,"48":0,"49":0,"50":0,"51":0,"52":0,"53":0,"54":0,"55":0,"56":0,"57":0,"58":0,"59":0,"60":0,"61":0,"62":0,"63":0,"64":0,"65":0,"66":0,"67":0,"68":0,"69":0,"70":0,"71":0,"72":0,"73":0,"74":0,"75":0,"76":0,"77":0,"78":0,"79":0,"80":0,"81":0,"82":0,"83":0,"84":0,"85":0,"86":0,"87":0,"88":0,"89":0,"90":0,"91":0,"92":0,"93":0,"94":0,"95":0,"96":0,"97":0,"98":0,"99":0,"100":0,"101":0,"102":0,"103":0,"104":0,"105":0,"106":0,"107":0,"108":0},"f":{"0":0,"1":0,"2":0,"3":0,"4":0,"5":0,"6":0,"7":0,"8":0,"9":0,"10":0,"11":0,"12":0,"13":0,"14":0,"15":0,"16":0,"17":0,"18":0},"b":{"0":[0,0],"1":[0],"2":[0,0],"3":[0,0],"4":[0,0],"5":[0,0],"6":[0,0],"7":[0,0],"8":[0,0],"9":[0,0],"10":[0,0],"11":[0,0],"12":[0,0],"13":[0,0],"14":[0,0],"15":[0,0],"16":[0,0],"17":[0,0],"18":[0,0],"19":[0,0],"20":[0,0],"21":[0,0]}}
,"C:\\AI_AS\\university-ai-assistant\\backend\\src\\services\\timetableService.js": {"path":"C:\\AI_AS\\university-ai-assistant\\backend\\src\\services\\timetableService.js","statementMap":{"0":{"start":{"line":1,"column":15},"end":{"line":1,"column":39}},"1":{"start":{"line":6,"column":4},"end":{"line":22,"column":5}},"2":{"start":{"line":7,"column":23},"end":{"line":17,"column":8}},"3":{"start":{"line":18,"column":6},"end":{"line":18,"column":22}},"4":{"start":{"line":20,"column":6},"end":{"line":20,"column":53}},"5":{"start":{"line":21,"column":6},"end":{"line":21,"column":18}},"6":{"start":{"line":27,"column":4},"end":{"line":55,"column":5}},"7":{"start":{"line":28,"column":20},"end":{"line":28,"column":39}},"8":{"start":{"line":29,"column":6},"end":{"line":31,"column":7}},"9":{"start":{"line":30,"column":8},"end":{"line":30,"column":34}},"10":{"start":{"line":33,"column":24},"end":{"line":49,"column":8}},"11":{"start":{"line":51,"column":6},"end":{"line":51,"column":23}},"12":{"start":{"line":53,"column":6},"end":{"line":53,"column":51}},"13":{"start":{"line":54,"column":6},"end":{"line":54,"column":18}},"14":{"start":{"line":60,"column":4},"end":{"line":81,"column":5}},"15":{"start":{"line":61,"column":23},"end":{"line":76,"column":8}},"16":{"start":{"line":77,"column":6},"end":{"line":77,"column":22}},"17":{"start":{"line":79,"column":6},"end":{"line":79,"column":50}},"18":{"start":{"line":80,"column":6},"end":{"line":80,"column":18}},"19":{"start":{"line":86,"column":4},"end":{"line":105,"column":5}},"20":{"start":{"line":87,"column":23},"end":{"line":100,"column":8}},"21":{"start":{"line":101,"column":6},"end":{"line":101,"column":22}},"22":{"start":{"line":103,"column":6},"end":{"line":103,"column":53}},"23":{"start":{"line":104,"column":6},"end":{"line":104,"column":18}},"24":{"start":{"line":110,"column":4},"end":{"line":121,"column":5}},"25":{"start":{"line":111,"column":23},"end":{"line":116,"column":8}},"26":{"start":{"line":117,"column":6},"end":{"line":117,"column":22}},"27":{"start":{"line":119,"column":6},"end":{"line":119,"column":53}},"28":{"start":{"line":120,"column":6},"end":{"line":120,"column":18}},"29":{"start":{"line":126,"column":4},"end":{"line":150,"column":5}},"30":{"start":{"line":127,"column":24},"end":{"line":127,"column":65}},"31":{"start":{"line":129,"column":22},"end":{"line":137,"column":7}},"32":{"start":{"line":139,"column":6},"end":{"line":144,"column":7}},"33":{"start":{"line":140,"column":20},"end":{"line":140,"column":40}},"34":{"start":{"line":141,"column":8},"end":{"line":143,"column":9}},"35":{"start":{"line":142,"column":10},"end":{"line":142,"column":38}},"36":{"start":{"line":146,"column":6},"end":{"line":146,"column":21}},"37":{"start":{"line":148,"column":6},"end":{"line":148,"column":59}},"38":{"start":{"line":149,"column":6},"end":{"line":149,"column":18}},"39":{"start":{"line":155,"column":4},"end":{"line":175,"column":5}},"40":{"start":{"line":156,"column":20},"end":{"line":158,"column":8}},"41":{"start":{"line":160,"column":19},"end":{"line":166,"column":8}},"42":{"start":{"line":168,"column":6},"end":{"line":171,"column":8}},"43":{"start":{"line":173,"column":6},"end":{"line":173,"column":57}},"44":{"start":{"line":174,"column":6},"end":{"line":174,"column":18}},"45":{"start":{"line":179,"column":0},"end":{"line":179,"column":40}}},"fnMap":{"0":{"name":"(anonymous_0)","decl":{"start":{"line":5,"column":2},"end":{"line":5,"column":3}},"loc":{"start":{"line":5,"column":37},"end":{"line":23,"column":3}},"line":5},"1":{"name":"(anonymous_1)","decl":{"start":{"line":26,"column":2},"end":{"line":26,"column":3}},"loc":{"start":{"line":26,"column":46},"end":{"line":56,"column":3}},"line":26},"2":{"name":"(anonymous_2)","decl":{"start":{"line":59,"column":2},"end":{"line":59,"column":3}},"loc":{"start":{"line":59,"column":44},"end":{"line":82,"column":3}},"line":59},"3":{"name":"(anonymous_3)","decl":{"start":{"line":85,"column":2},"end":{"line":85,"column":3}},"loc":{"start":{"line":85,"column":49},"end":{"line":106,"column":3}},"line":85},"4":{"name":"(anonymous_4)","decl":{"start":{"line":109,"column":2},"end":{"line":109,"column":3}},"loc":{"start":{"line":109,"column":43},"end":{"line":122,"column":3}},"line":109},"5":{"name":"(anonymous_5)","decl":{"start":{"line":125,"column":2},"end":{"line":125,"column":3}},"loc":{"start":{"line":125,"column":53},"end":{"line":151,"column":3}},"line":125},"6":{"name":"(anonymous_6)","decl":{"start":{"line":154,"column":2},"end":{"line":154,"column":3}},"loc":{"start":{"line":154,"column":34},"end":{"line":176,"column":3}},"line":154}},"branchMap":{"0":{"loc":{"start":{"line":14,"column":16},"end":{"line":14,"column":33}},"type":"binary-expr","locations":[{"start":{"line":14,"column":16},"end":{"line":14,"column":25}},{"start":{"line":14,"column":29},"end":{"line":14,"column":33}}],"line":14},"1":{"loc":{"start":{"line":15,"column":20},"end":{"line":15,"column":46}},"type":"binary-expr","locations":[{"start":{"line":15,"column":20},"end":{"line":15,"column":33}},{"start":{"line":15,"column":37},"end":{"line":15,"column":46}}],"line":15},"2":{"loc":{"start":{"line":26,"column":29},"end":{"line":26,"column":44}},"type":"default-arg","locations":[{"start":{"line":26,"column":40},"end":{"line":26,"column":44}}],"line":26},"3":{"loc":{"start":{"line":29,"column":6},"end":{"line":31,"column":7}},"type":"if","locations":[{"start":{"line":29,"column":6},"end":{"line":31,"column":7}},{"start":{},"end":{}}],"line":29},"4":{"loc":{"start":{"line":95,"column":22},"end":{"line":95,"column":77}},"type":"cond-expr","locations":[{"start":{"line":95,"column":40},"end":{"line":95,"column":65}},{"start":{"line":95,"column":68},"end":{"line":95,"column":77}}],"line":95},"5":{"loc":{"start":{"line":96,"column":20},"end":{"line":96,"column":71}},"type":"cond-expr","locations":[{"start":{"line":96,"column":36},"end":{"line":96,"column":59}},{"start":{"line":96,"column":62},"end":{"line":96,"column":71}}],"line":96},"6":{"loc":{"start":{"line":97,"column":16},"end":{"line":97,"column":33}},"type":"binary-expr","locations":[{"start":{"line":97,"column":16},"end":{"line":97,"column":25}},{"start":{"line":97,"column":29},"end":{"line":97,"column":33}}],"line":97},"7":{"loc":{"start":{"line":98,"column":20},"end":{"line":98,"column":46}},"type":"binary-expr","locations":[{"start":{"line":98,"column":20},"end":{"line":98,"column":33}},{"start":{"line":98,"column":37},"end":{"line":98,"column":46}}],"line":98},"8":{"loc":{"start":{"line":125,"column":36},"end":{"line":125,"column":51}},"type":"default-arg","locations":[{"start":{"line":125,"column":47},"end":{"line":125,"column":51}}],"line":125},"9":{"loc":{"start":{"line":141,"column":8},"end":{"line":143,"column":9}},"type":"if","locations":[{"start":{"line":141,"column":8},"end":{"line":143,"column":9}},{"start":{},"end":{}}],"line":141}},"s":{"0":0,"1":0,"2":0,"3":0,"4":0,"5":0,"6":0,"7":0,"8":0,"9":0,"10":0,"11":0,"12":0,"13":0,"14":0,"15":0,"16":0,"17":0,"18":0,"19":0,"20":0,"21":0,"22":0,"23":0,"24":0,"25":0,"26":0,"27":0,"28":0,"29":0,"30":0,"31":0,"32":0,"33":0,"34":0,"35":0,"36":0,"37":0,"38":0,"39":0,"40":0,"41":0,"42":0,"43":0,"44":0,"45":0},"f":{"0":0,"1":0,"2":0,"3":0,"4":0,"5":0,"6":0},"b":{"0":[0,0],"1":[0,0],"2":[0],"3":[0,0],"4":[0,0],"5":[0,0],"6":[0,0],"7":[0,0],"8":[0],"9":[0,0]}}
,"C:\\AI_AS\\university-ai-assistant\\backend\\src\\services\\visionService.js": {"path":"C:\\AI_AS\\university-ai-assistant\\backend\\src\\services\\visionService.js","statementMap":{"0":{"start":{"line":3,"column":31},"end":{"line":3,"column":63}},"1":{"start":{"line":4,"column":11},"end":{"line":4,"column":24}},"2":{"start":{"line":5,"column":13},"end":{"line":5,"column":28}},"3":{"start":{"line":9,"column":4},"end":{"line":9,"column":45}},"4":{"start":{"line":10,"column":4},"end":{"line":20,"column":5}},"5":{"start":{"line":11,"column":6},"end":{"line":11,"column":55}},"6":{"start":{"line":12,"column":6},"end":{"line":14,"column":9}},"7":{"start":{"line":15,"column":6},"end":{"line":15,"column":28}},"8":{"start":{"line":16,"column":6},"end":{"line":16,"column":46}},"9":{"start":{"line":18,"column":6},"end":{"line":18,"column":62}},"10":{"start":{"line":19,"column":6},"end":{"line":19,"column":29}},"11":{"start":{"line":27,"column":4},"end":{"line":32,"column":5}},"12":{"start":{"line":28,"column":6},"end":{"line":31,"column":8}},"13":{"start":{"line":34,"column":4},"end":{"line":69,"column":5}},"14":{"start":{"line":36,"column":26},"end":{"line":36,"column":52}},"15":{"start":{"line":37,"column":26},"end":{"line":37,"column":56}},"16":{"start":{"line":40,"column":25},"end":{"line":46,"column":7}},"17":{"start":{"line":49,"column":21},"end":{"line":52,"column":8}},"18":{"start":{"line":54,"column":23},"end":{"line":54,"column":38}},"19":{"start":{"line":55,"column":19},"end":{"line":55,"column":34}},"20":{"start":{"line":57,"column":6},"end":{"line":61,"column":8}},"21":{"start":{"line":63,"column":6},"end":{"line":63,"column":53}},"22":{"start":{"line":64,"column":6},"end":{"line":68,"column":8}},"23":{"start":{"line":76,"column":4},"end":{"line":81,"column":5}},"24":{"start":{"line":77,"column":6},"end":{"line":80,"column":8}},"25":{"start":{"line":83,"column":4},"end":{"line":110,"column":5}},"26":{"start":{"line":84,"column":26},"end":{"line":84,"column":52}},"27":{"start":{"line":85,"column":26},"end":{"line":85,"column":56}},"28":{"start":{"line":87,"column":21},"end":{"line":92,"column":7}},"29":{"start":{"line":94,"column":21},"end":{"line":97,"column":8}},"30":{"start":{"line":99,"column":6},"end":{"line":103,"column":8}},"31":{"start":{"line":105,"column":6},"end":{"line":105,"column":56}},"32":{"start":{"line":106,"column":6},"end":{"line":109,"column":8}},"33":{"start":{"line":114,"column":0},"end":{"line":114,"column":37}}},"fnMap":{"0":{"name":"(anonymous_0)","decl":{"start":{"line":8,"column":2},"end":{"line":8,"column":3}},"loc":{"start":{"line":8,"column":16},"end":{"line":21,"column":3}},"line":8},"1":{"name":"(anonymous_1)","decl":{"start":{"line":26,"column":2},"end":{"line":26,"column":3}},"loc":{"start":{"line":26,"column":74},"end":{"line":70,"column":3}},"line":26},"2":{"name":"(anonymous_2)","decl":{"start":{"line":75,"column":2},"end":{"line":75,"column":3}},"loc":{"start":{"line":75,"column":46},"end":{"line":111,"column":3}},"line":75}},"branchMap":{"0":{"loc":{"start":{"line":10,"column":4},"end":{"line":20,"column":5}},"type":"if","locations":[{"start":{"line":10,"column":4},"end":{"line":20,"column":5}},{"start":{"line":17,"column":11},"end":{"line":20,"column":5}}],"line":10},"1":{"loc":{"start":{"line":26,"column":32},"end":{"line":26,"column":72}},"type":"default-arg","locations":[{"start":{"line":26,"column":41},"end":{"line":26,"column":72}}],"line":26},"2":{"loc":{"start":{"line":27,"column":4},"end":{"line":32,"column":5}},"type":"if","locations":[{"start":{"line":27,"column":4},"end":{"line":32,"column":5}},{"start":{},"end":{}}],"line":27},"3":{"loc":{"start":{"line":76,"column":4},"end":{"line":81,"column":5}},"type":"if","locations":[{"start":{"line":76,"column":4},"end":{"line":81,"column":5}},{"start":{},"end":{}}],"line":76}},"s":{"0":0,"1":0,"2":0,"3":0,"4":0,"5":0,"6":0,"7":0,"8":0,"9":0,"10":0,"11":0,"12":0,"13":0,"14":0,"15":0,"16":0,"17":0,"18":0,"19":0,"20":0,"21":0,"22":0,"23":0,"24":0,"25":0,"26":0,"27":0,"28":0,"29":0,"30":0,"31":0,"32":0,"33":0},"f":{"0":0,"1":0,"2":0},"b":{"0":[0,0],"1":[0],"2":[0,0],"3":[0,0]}}
,"C:\\AI_AS\\university-ai-assistant\\backend\\src\\utils\\logger.js": {"path":"C:\\AI_AS\\university-ai-assistant\\backend\\src\\utils\\logger.js","statementMap":{"0":{"start":{"line":3,"column":16},"end":{"line":3,"column":34}},"1":{"start":{"line":4,"column":13},"end":{"line":4,"column":28}},"2":{"start":{"line":6,"column":18},"end":{"line":12,"column":1}},"3":{"start":{"line":14,"column":15},"end":{"line":30,"column":2}},"4":{"start":{"line":32,"column":0},"end":{"line":39,"column":1}},"5":{"start":{"line":33,"column":2},"end":{"line":38,"column":6}},"6":{"start":{"line":41,"column":0},"end":{"line":56,"column":2}},"7":{"start":{"line":42,"column":16},"end":{"line":42,"column":26}},"8":{"start":{"line":43,"column":2},"end":{"line":54,"column":5}},"9":{"start":{"line":44,"column":21},"end":{"line":44,"column":39}},"10":{"start":{"line":45,"column":4},"end":{"line":53,"column":7}},"11":{"start":{"line":55,"column":2},"end":{"line":55,"column":9}},"12":{"start":{"line":58,"column":0},"end":{"line":58,"column":24}}},"fnMap":{"0":{"name":"(anonymous_0)","decl":{"start":{"line":41,"column":23},"end":{"line":41,"column":24}},"loc":{"start":{"line":41,"column":43},"end":{"line":56,"column":1}},"line":41},"1":{"name":"(anonymous_1)","decl":{"start":{"line":43,"column":19},"end":{"line":43,"column":20}},"loc":{"start":{"line":43,"column":25},"end":{"line":54,"column":3}},"line":43}},"branchMap":{"0":{"loc":{"start":{"line":15,"column":9},"end":{"line":15,"column":66}},"type":"cond-expr","locations":[{"start":{"line":15,"column":50},"end":{"line":15,"column":57}},{"start":{"line":15,"column":60},"end":{"line":15,"column":66}}],"line":15},"1":{"loc":{"start":{"line":32,"column":0},"end":{"line":39,"column":1}},"type":"if","locations":[{"start":{"line":32,"column":0},"end":{"line":39,"column":1}},{"start":{},"end":{}}],"line":32},"2":{"loc":{"start":{"line":51,"column":12},"end":{"line":51,"column":37}},"type":"binary-expr","locations":[{"start":{"line":51,"column":12},"end":{"line":51,"column":22}},{"start":{"line":51,"column":26},"end":{"line":51,"column":37}}],"line":51}},"s":{"0":0,"1":0,"2":0,"3":0,"4":0,"5":0,"6":0,"7":0,"8":0,"9":0,"10":0,"11":0,"12":0},"f":{"0":0,"1":0},"b":{"0":[0,0],"1":[0,0],"2":[0,0]}}
}
